This file contains any messages produced by compilers while
running configure, to aid debugging if configure makes a mistake.

It was created by libltdl configure 2.4.2, which was
generated by GNU Autoconf 2.69.  Invocation command line was

  $ ./configure --disable-option-checking --prefix=/usr --host=arm-linux --build=x86_64-linux-gnu --disable-ssp build_alias=x86_64-linux-gnu host_alias=arm-linux CC=arm-brcm-linux-uclibcgnueabi-gcc CFLAGS=-Os -Wall -DLINUX26 -DCONFIG_BCMWL5 -DCONFIG_BCMWL6 -DCONFIG_BCMWL6A -DPART_JFFS2_GAP=0UL -pipe -fno-strict-aliasing -DBCMWPA2 -DBCMARM -marm  -DTCONFIG_NVRAM_64K -DLINUX_KERNEL_VERSION=132644 -ffunction-sections -fdata-sections LDFLAGS=-ffunction-sections -fdata-sections -Wl,--gc-sections -L/home/borys/tomato-arm/release/src-rt-6.x.4708/router/libsodium/src/libsodium/.libs CPPFLAGS=-I/home/borys/tomato-arm/release/src-rt-6.x.4708/router/libsodium/src/libsodium/include AR=arm-brcm-linux-uclibcgnueabi-ar --enable-ltdl-convenience --disable-thread-support --disable-dependency-tracking --disable-libevent-install --disable-openssl --disable-shared --enable-function-sections CC=arm-brcm-linux-uclibcgnueabi-gcc -std=gnu99 CFLAGS=-Os -Wall -DLINUX26 -DCONFIG_BCMWL5 -DCONFIG_BCMWL6 -DCONFIG_BCMWL6A -DPART_JFFS2_GAP=0UL -pipe -fno-strict-aliasing -DBCMWPA2 -DBCMARM -marm  -DTCONFIG_NVRAM_64K -DLINUX_KERNEL_VERSION=132644 -ffunction-sections -fdata-sections -fPIC -fPIE -fno-strict-aliasing -fno-strict-overflow -Winit-self -Wwrite-strings -Wdiv-by-zero CPP=arm-brcm-linux-uclibcgnueabi-gcc -std=gnu99 -E CPPFLAGS=-I/home/borys/tomato-arm/release/src-rt-6.x.4708/router/libsodium/src/libsodium/include -DPLUGINS=1 -D_FORTIFY_SOURCE=2 -I/usr/local/include LDFLAGS=-ffunction-sections -fdata-sections -Wl,--gc-sections -L/home/borys/tomato-arm/release/src-rt-6.x.4708/router/libsodium/src/libsodium/.libs -pie -Wl,-z,relro -Wl,-z,now -Wl,-z,noexecstack -L/usr/local/lib LIBS=-ldl -lsodium -ldl -lm  --cache-file=/dev/null --srcdir=.

## --------- ##
## Platform. ##
## --------- ##

hostname = debian
uname -m = x86_64
uname -r = 3.16.0-4-amd64
uname -s = Linux
uname -v = #1 SMP Debian 3.16.36-1+deb8u1 (2016-09-03)

/usr/bin/uname -p = unknown
/bin/uname -X     = unknown

/bin/arch              = unknown
/usr/bin/arch -k       = unknown
/usr/convex/getsysinfo = unknown
/usr/bin/hostinfo      = unknown
/bin/machine           = unknown
/usr/bin/oslevel       = unknown
/bin/universe          = unknown

PATH: /home/borys/tomato-arm/release/tools
PATH: /home/borys/tomato-arm/release/tools
PATH: /home/borys/tomato-arm/release/tools
PATH: /home/borys/tomato-arm/release/tools
PATH: /usr/local/bin
PATH: /usr/bin
PATH: /bin
PATH: /sbin
PATH: /opt/hndtools-arm-linux-2.6.36-uclibc-4.5.3/bin


## ----------- ##
## Core tests. ##
## ----------- ##

configure:2292: checking for a BSD-compatible install
configure:2360: result: /usr/bin/install -c
configure:2371: checking whether build environment is sane
configure:2426: result: yes
configure:2485: checking for arm-linux-strip
configure:2512: result: arm-brcm-linux-uclibcgnueabi-strip
configure:2577: checking for a thread-safe mkdir -p
configure:2616: result: /bin/mkdir -p
configure:2623: checking for gawk
configure:2639: found /usr/bin/gawk
configure:2650: result: gawk
configure:2661: checking whether make sets $(MAKE)
configure:2683: result: yes
configure:2712: checking whether make supports nested variables
configure:2729: result: yes
configure:2895: checking build system type
configure:2909: result: x86_64-pc-linux-gnu
configure:2929: checking host system type
configure:2942: result: arm-unknown-linux-gnu
configure:2983: checking how to print strings
configure:3010: result: printf
configure:3043: checking for style of include used by make
configure:3071: result: GNU
configure:3102: checking for arm-linux-gcc
configure:3129: result: arm-brcm-linux-uclibcgnueabi-gcc -std=gnu99
configure:3398: checking for C compiler version
configure:3407: arm-brcm-linux-uclibcgnueabi-gcc -std=gnu99 --version >&5
arm-brcm-linux-uclibcgnueabi-gcc (Buildroot 2012.02) 4.5.3
Copyright (C) 2010 Free Software Foundation, Inc.
This is free software; see the source for copying conditions.  There is NO
warranty; not even for MERCHANTABILITY or FITNESS FOR A PARTICULAR PURPOSE.

configure:3418: $? = 0
configure:3407: arm-brcm-linux-uclibcgnueabi-gcc -std=gnu99 -v >&5
Using built-in specs.
COLLECT_GCC=arm-brcm-linux-uclibcgnueabi-gcc
COLLECT_LTO_WRAPPER=/home/borys/tomato-arm/release/src-rt-6.x.4708/toolchains/hndtools-arm-linux-2.6.36-uclibc-4.5.3/bin/../libexec/gcc/arm-brcm-linux-uclibcgnueabi/4.5.3/lto-wrapper
Target: arm-brcm-linux-uclibcgnueabi
Configured with: /projects/toolchains_build/buildroot-2012.02-brcm/output/toolchain/gcc-4.5.3/configure --prefix=/projects/hnd/tools/linux/hndtools-arm-linux-2.6.36-uclibc-4.5.3 --build=i686-pc-linux-gnu --host=i686-pc-linux-gnu --target=arm-brcm-linux-uclibcgnueabi --enable-languages=c,c++ --with-sysroot=/projects/hnd/tools/linux/hndtools-arm-linux-2.6.36-uclibc-4.5.3/arm-brcm-linux-uclibcgnueabi/sysroot --with-build-time-tools=/projects/hnd/tools/linux/hndtools-arm-linux-2.6.36-uclibc-4.5.3/arm-brcm-linux-uclibcgnueabi/bin --disable-__cxa_atexit --enable-target-optspace --disable-libgomp --with-gnu-ld --disable-libssp --disable-multilib --disable-tls --enable-shared --with-gmp=/projects/hnd/tools/linux/hndtools-arm-linux-2.6.36-uclibc-4.5.3 --with-mpfr=/projects/hnd/tools/linux/hndtools-arm-linux-2.6.36-uclibc-4.5.3 --with-mpc=/projects/hnd/tools/linux/hndtools-arm-linux-2.6.36-uclibc-4.5.3 --enable-threads --disable-decimal-float --with-float=soft --with-abi=aapcs-linux --with-arch=armv7-a --with-tune=cortex-a9 --with-pkgversion='Buildroot 2012.02' --with-bugurl=http://bugs.buildroot.net/
Thread model: posix
gcc version 4.5.3 (Buildroot 2012.02) 
configure:3418: $? = 0
configure:3407: arm-brcm-linux-uclibcgnueabi-gcc -std=gnu99 -V >&5
arm-brcm-linux-uclibcgnueabi-gcc: '-V' must come at the start of the command line
configure:3418: $? = 1
configure:3407: arm-brcm-linux-uclibcgnueabi-gcc -std=gnu99 -qversion >&5
arm-brcm-linux-uclibcgnueabi-gcc: unrecognized option '-qversion'
arm-brcm-linux-uclibcgnueabi-gcc: no input files
configure:3418: $? = 1
configure:3438: checking whether the C compiler works
configure:3460: arm-brcm-linux-uclibcgnueabi-gcc -std=gnu99 -Os -Wall -DLINUX26 -DCONFIG_BCMWL5 -DCONFIG_BCMWL6 -DCONFIG_BCMWL6A -DPART_JFFS2_GAP=0UL -pipe -fno-strict-aliasing -DBCMWPA2 -DBCMARM -marm  -DTCONFIG_NVRAM_64K -DLINUX_KERNEL_VERSION=132644 -ffunction-sections -fdata-sections -fPIC -fPIE -fno-strict-aliasing -fno-strict-overflow -Winit-self -Wwrite-strings -Wdiv-by-zero -I/home/borys/tomato-arm/release/src-rt-6.x.4708/router/libsodium/src/libsodium/include -DPLUGINS=1 -D_FORTIFY_SOURCE=2 -I/usr/local/include -ffunction-sections -fdata-sections -Wl,--gc-sections -L/home/borys/tomato-arm/release/src-rt-6.x.4708/router/libsodium/src/libsodium/.libs -pie -Wl,-z,relro -Wl,-z,now -Wl,-z,noexecstack -L/usr/local/lib conftest.c -ldl -lsodium -ldl -lm  >&5
configure:3464: $? = 0
configure:3512: result: yes
configure:3515: checking for C compiler default output file name
configure:3517: result: a.out
configure:3523: checking for suffix of executables
configure:3530: arm-brcm-linux-uclibcgnueabi-gcc -std=gnu99 -o conftest -Os -Wall -DLINUX26 -DCONFIG_BCMWL5 -DCONFIG_BCMWL6 -DCONFIG_BCMWL6A -DPART_JFFS2_GAP=0UL -pipe -fno-strict-aliasing -DBCMWPA2 -DBCMARM -marm  -DTCONFIG_NVRAM_64K -DLINUX_KERNEL_VERSION=132644 -ffunction-sections -fdata-sections -fPIC -fPIE -fno-strict-aliasing -fno-strict-overflow -Winit-self -Wwrite-strings -Wdiv-by-zero -I/home/borys/tomato-arm/release/src-rt-6.x.4708/router/libsodium/src/libsodium/include -DPLUGINS=1 -D_FORTIFY_SOURCE=2 -I/usr/local/include -ffunction-sections -fdata-sections -Wl,--gc-sections -L/home/borys/tomato-arm/release/src-rt-6.x.4708/router/libsodium/src/libsodium/.libs -pie -Wl,-z,relro -Wl,-z,now -Wl,-z,noexecstack -L/usr/local/lib conftest.c -ldl -lsodium -ldl -lm  >&5
configure:3534: $? = 0
configure:3556: result: 
configure:3578: checking whether we are cross compiling
configure:3616: result: yes
configure:3621: checking for suffix of object files
configure:3643: arm-brcm-linux-uclibcgnueabi-gcc -std=gnu99 -c -Os -Wall -DLINUX26 -DCONFIG_BCMWL5 -DCONFIG_BCMWL6 -DCONFIG_BCMWL6A -DPART_JFFS2_GAP=0UL -pipe -fno-strict-aliasing -DBCMWPA2 -DBCMARM -marm  -DTCONFIG_NVRAM_64K -DLINUX_KERNEL_VERSION=132644 -ffunction-sections -fdata-sections -fPIC -fPIE -fno-strict-aliasing -fno-strict-overflow -Winit-self -Wwrite-strings -Wdiv-by-zero -I/home/borys/tomato-arm/release/src-rt-6.x.4708/router/libsodium/src/libsodium/include -DPLUGINS=1 -D_FORTIFY_SOURCE=2 -I/usr/local/include conftest.c >&5
configure:3647: $? = 0
configure:3668: result: o
configure:3672: checking whether we are using the GNU C compiler
configure:3691: arm-brcm-linux-uclibcgnueabi-gcc -std=gnu99 -c -Os -Wall -DLINUX26 -DCONFIG_BCMWL5 -DCONFIG_BCMWL6 -DCONFIG_BCMWL6A -DPART_JFFS2_GAP=0UL -pipe -fno-strict-aliasing -DBCMWPA2 -DBCMARM -marm  -DTCONFIG_NVRAM_64K -DLINUX_KERNEL_VERSION=132644 -ffunction-sections -fdata-sections -fPIC -fPIE -fno-strict-aliasing -fno-strict-overflow -Winit-self -Wwrite-strings -Wdiv-by-zero -I/home/borys/tomato-arm/release/src-rt-6.x.4708/router/libsodium/src/libsodium/include -DPLUGINS=1 -D_FORTIFY_SOURCE=2 -I/usr/local/include conftest.c >&5
configure:3691: $? = 0
configure:3700: result: yes
configure:3709: checking whether arm-brcm-linux-uclibcgnueabi-gcc -std=gnu99 accepts -g
configure:3729: arm-brcm-linux-uclibcgnueabi-gcc -std=gnu99 -c -g -I/home/borys/tomato-arm/release/src-rt-6.x.4708/router/libsodium/src/libsodium/include -DPLUGINS=1 -D_FORTIFY_SOURCE=2 -I/usr/local/include conftest.c >&5
configure:3729: $? = 0
configure:3770: result: yes
configure:3787: checking for arm-brcm-linux-uclibcgnueabi-gcc -std=gnu99 option to accept ISO C89
configure:3850: arm-brcm-linux-uclibcgnueabi-gcc -std=gnu99  -c -Os -Wall -DLINUX26 -DCONFIG_BCMWL5 -DCONFIG_BCMWL6 -DCONFIG_BCMWL6A -DPART_JFFS2_GAP=0UL -pipe -fno-strict-aliasing -DBCMWPA2 -DBCMARM -marm  -DTCONFIG_NVRAM_64K -DLINUX_KERNEL_VERSION=132644 -ffunction-sections -fdata-sections -fPIC -fPIE -fno-strict-aliasing -fno-strict-overflow -Winit-self -Wwrite-strings -Wdiv-by-zero -I/home/borys/tomato-arm/release/src-rt-6.x.4708/router/libsodium/src/libsodium/include -DPLUGINS=1 -D_FORTIFY_SOURCE=2 -I/usr/local/include conftest.c >&5
configure:3850: $? = 0
configure:3863: result: none needed
configure:3888: checking whether arm-brcm-linux-uclibcgnueabi-gcc -std=gnu99 understands -c and -o together
configure:3910: arm-brcm-linux-uclibcgnueabi-gcc -std=gnu99 -c conftest.c -o conftest2.o
configure:3913: $? = 0
configure:3910: arm-brcm-linux-uclibcgnueabi-gcc -std=gnu99 -c conftest.c -o conftest2.o
configure:3913: $? = 0
configure:3925: result: yes
configure:3944: checking dependency style of arm-brcm-linux-uclibcgnueabi-gcc -std=gnu99
configure:4055: result: none
configure:4070: checking for a sed that does not truncate output
configure:4134: result: /bin/sed
configure:4152: checking for grep that handles long lines and -e
configure:4210: result: /bin/grep
configure:4215: checking for egrep
configure:4277: result: /bin/grep -E
configure:4282: checking for fgrep
configure:4344: result: /bin/grep -F
configure:4379: checking for ld used by arm-brcm-linux-uclibcgnueabi-gcc -std=gnu99
configure:4446: result: arm-brcm-linux-uclibcgnueabi-ld
configure:4453: checking if the linker (arm-brcm-linux-uclibcgnueabi-ld) is GNU ld
configure:4468: result: yes
configure:4480: checking for BSD- or MS-compatible name lister (nm)
configure:4529: result: arm-brcm-linux-uclibcgnueabi-nm
configure:4659: checking the name lister (arm-brcm-linux-uclibcgnueabi-nm) interface
configure:4666: arm-brcm-linux-uclibcgnueabi-gcc -std=gnu99 -c -Os -Wall -DLINUX26 -DCONFIG_BCMWL5 -DCONFIG_BCMWL6 -DCONFIG_BCMWL6A -DPART_JFFS2_GAP=0UL -pipe -fno-strict-aliasing -DBCMWPA2 -DBCMARM -marm  -DTCONFIG_NVRAM_64K -DLINUX_KERNEL_VERSION=132644 -ffunction-sections -fdata-sections -fPIC -fPIE -fno-strict-aliasing -fno-strict-overflow -Winit-self -Wwrite-strings -Wdiv-by-zero -I/home/borys/tomato-arm/release/src-rt-6.x.4708/router/libsodium/src/libsodium/include -DPLUGINS=1 -D_FORTIFY_SOURCE=2 -I/usr/local/include conftest.c >&5
configure:4669: arm-brcm-linux-uclibcgnueabi-nm "conftest.o"
configure:4672: output
00000000 B some_variable
configure:4679: result: BSD nm
configure:4682: checking whether ln -s works
configure:4686: result: yes
configure:4694: checking the maximum length of command line arguments
configure:4825: result: 1572864
configure:4842: checking whether the shell understands some XSI constructs
configure:4852: result: yes
configure:4856: checking whether the shell understands "+="
configure:4862: result: yes
configure:4897: checking how to convert x86_64-pc-linux-gnu file names to arm-unknown-linux-gnu format
configure:4937: result: func_convert_file_noop
configure:4944: checking how to convert x86_64-pc-linux-gnu file names to toolchain format
configure:4964: result: func_convert_file_noop
configure:4971: checking for arm-brcm-linux-uclibcgnueabi-ld option to reload object files
configure:4978: result: -r
configure:5012: checking for arm-linux-objdump
configure:5042: result: no
configure:5052: checking for objdump
configure:5068: found /usr/bin/objdump
configure:5079: result: objdump
configure:5091: WARNING: using cross tools not prefixed with host triplet
configure:5108: checking how to recognize dependent libraries
configure:5306: result: pass_all
configure:5351: checking for arm-linux-dlltool
configure:5381: result: no
configure:5391: checking for dlltool
configure:5421: result: no
configure:5448: checking how to associate runtime and link libraries
configure:5475: result: printf %s\n
configure:5492: checking for arm-linux-ar
configure:5519: result: arm-brcm-linux-uclibcgnueabi-ar
configure:5600: checking for archiver @FILE support
configure:5617: arm-brcm-linux-uclibcgnueabi-gcc -std=gnu99 -c -Os -Wall -DLINUX26 -DCONFIG_BCMWL5 -DCONFIG_BCMWL6 -DCONFIG_BCMWL6A -DPART_JFFS2_GAP=0UL -pipe -fno-strict-aliasing -DBCMWPA2 -DBCMARM -marm  -DTCONFIG_NVRAM_64K -DLINUX_KERNEL_VERSION=132644 -ffunction-sections -fdata-sections -fPIC -fPIE -fno-strict-aliasing -fno-strict-overflow -Winit-self -Wwrite-strings -Wdiv-by-zero -I/home/borys/tomato-arm/release/src-rt-6.x.4708/router/libsodium/src/libsodium/include -DPLUGINS=1 -D_FORTIFY_SOURCE=2 -I/usr/local/include conftest.c >&5
configure:5617: $? = 0
configure:5620: arm-brcm-linux-uclibcgnueabi-ar cru libconftest.a @conftest.lst >&5
configure:5623: $? = 0
configure:5628: arm-brcm-linux-uclibcgnueabi-ar cru libconftest.a @conftest.lst >&5
arm-brcm-linux-uclibcgnueabi-ar: conftest.o: No such file or directory
configure:5631: $? = 1
configure:5643: result: @
configure:5661: checking for arm-linux-strip
configure:5688: result: arm-brcm-linux-uclibcgnueabi-strip
configure:5760: checking for arm-linux-ranlib
configure:5787: result: arm-brcm-linux-uclibcgnueabi-ranlib
configure:5929: checking command to parse arm-brcm-linux-uclibcgnueabi-nm output from arm-brcm-linux-uclibcgnueabi-gcc -std=gnu99 object
configure:6049: arm-brcm-linux-uclibcgnueabi-gcc -std=gnu99 -c -Os -Wall -DLINUX26 -DCONFIG_BCMWL5 -DCONFIG_BCMWL6 -DCONFIG_BCMWL6A -DPART_JFFS2_GAP=0UL -pipe -fno-strict-aliasing -DBCMWPA2 -DBCMARM -marm  -DTCONFIG_NVRAM_64K -DLINUX_KERNEL_VERSION=132644 -ffunction-sections -fdata-sections -fPIC -fPIE -fno-strict-aliasing -fno-strict-overflow -Winit-self -Wwrite-strings -Wdiv-by-zero -I/home/borys/tomato-arm/release/src-rt-6.x.4708/router/libsodium/src/libsodium/include -DPLUGINS=1 -D_FORTIFY_SOURCE=2 -I/usr/local/include conftest.c >&5
configure:6052: $? = 0
configure:6056: arm-brcm-linux-uclibcgnueabi-nm conftest.o \| sed -n -e 's/^.*[ ]\([ABCDGIRSTW][ABCDGIRSTW]*\)[ ][ ]*\([_A-Za-z][_A-Za-z0-9]*\)$/\1 \2 \2/p' | sed '/ __gnu_lto/d' \> conftest.nm
configure:6059: $? = 0
configure:6125: arm-brcm-linux-uclibcgnueabi-gcc -std=gnu99 -o conftest -Os -Wall -DLINUX26 -DCONFIG_BCMWL5 -DCONFIG_BCMWL6 -DCONFIG_BCMWL6A -DPART_JFFS2_GAP=0UL -pipe -fno-strict-aliasing -DBCMWPA2 -DBCMARM -marm  -DTCONFIG_NVRAM_64K -DLINUX_KERNEL_VERSION=132644 -ffunction-sections -fdata-sections -fPIC -fPIE -fno-strict-aliasing -fno-strict-overflow -Winit-self -Wwrite-strings -Wdiv-by-zero -I/home/borys/tomato-arm/release/src-rt-6.x.4708/router/libsodium/src/libsodium/include -DPLUGINS=1 -D_FORTIFY_SOURCE=2 -I/usr/local/include -ffunction-sections -fdata-sections -Wl,--gc-sections -L/home/borys/tomato-arm/release/src-rt-6.x.4708/router/libsodium/src/libsodium/.libs -pie -Wl,-z,relro -Wl,-z,now -Wl,-z,noexecstack -L/usr/local/lib conftest.c conftstm.o >&5
configure:6128: $? = 0
configure:6166: result: ok
configure:6203: checking for sysroot
configure:6233: result: no
configure:6462: checking for arm-linux-mt
configure:6492: result: no
configure:6502: checking for mt
configure:6518: found /bin/mt
configure:6529: result: mt
configure:6552: checking if mt is a manifest tool
configure:6558: mt '-?'
configure:6566: result: no
configure:7208: checking how to run the C preprocessor
configure:7278: result: arm-brcm-linux-uclibcgnueabi-gcc -std=gnu99 -E
configure:7298: arm-brcm-linux-uclibcgnueabi-gcc -std=gnu99 -E -I/home/borys/tomato-arm/release/src-rt-6.x.4708/router/libsodium/src/libsodium/include -DPLUGINS=1 -D_FORTIFY_SOURCE=2 -I/usr/local/include conftest.c
configure:7298: $? = 0
configure:7312: arm-brcm-linux-uclibcgnueabi-gcc -std=gnu99 -E -I/home/borys/tomato-arm/release/src-rt-6.x.4708/router/libsodium/src/libsodium/include -DPLUGINS=1 -D_FORTIFY_SOURCE=2 -I/usr/local/include conftest.c
conftest.c:11:28: fatal error: ac_nonexistent.h: No such file or directory
compilation terminated.
configure:7312: $? = 1
configure: failed program was:
| /* confdefs.h */
| #define PACKAGE_NAME "libltdl"
| #define PACKAGE_TARNAME "libltdl"
| #define PACKAGE_VERSION "2.4.2"
| #define PACKAGE_STRING "libltdl 2.4.2"
| #define PACKAGE_BUGREPORT "bug-libtool@gnu.org"
| #define PACKAGE_URL ""
| #define PACKAGE "libltdl"
| #define VERSION "2.4.2"
| /* end confdefs.h.  */
| #include <ac_nonexistent.h>
configure:7341: checking for ANSI C header files
configure:7361: arm-brcm-linux-uclibcgnueabi-gcc -std=gnu99 -c -Os -Wall -DLINUX26 -DCONFIG_BCMWL5 -DCONFIG_BCMWL6 -DCONFIG_BCMWL6A -DPART_JFFS2_GAP=0UL -pipe -fno-strict-aliasing -DBCMWPA2 -DBCMARM -marm  -DTCONFIG_NVRAM_64K -DLINUX_KERNEL_VERSION=132644 -ffunction-sections -fdata-sections -fPIC -fPIE -fno-strict-aliasing -fno-strict-overflow -Winit-self -Wwrite-strings -Wdiv-by-zero -I/home/borys/tomato-arm/release/src-rt-6.x.4708/router/libsodium/src/libsodium/include -DPLUGINS=1 -D_FORTIFY_SOURCE=2 -I/usr/local/include conftest.c >&5
configure:7361: $? = 0
configure:7445: result: yes
configure:7458: checking for sys/types.h
configure:7458: arm-brcm-linux-uclibcgnueabi-gcc -std=gnu99 -c -Os -Wall -DLINUX26 -DCONFIG_BCMWL5 -DCONFIG_BCMWL6 -DCONFIG_BCMWL6A -DPART_JFFS2_GAP=0UL -pipe -fno-strict-aliasing -DBCMWPA2 -DBCMARM -marm  -DTCONFIG_NVRAM_64K -DLINUX_KERNEL_VERSION=132644 -ffunction-sections -fdata-sections -fPIC -fPIE -fno-strict-aliasing -fno-strict-overflow -Winit-self -Wwrite-strings -Wdiv-by-zero -I/home/borys/tomato-arm/release/src-rt-6.x.4708/router/libsodium/src/libsodium/include -DPLUGINS=1 -D_FORTIFY_SOURCE=2 -I/usr/local/include conftest.c >&5
configure:7458: $? = 0
configure:7458: result: yes
configure:7458: checking for sys/stat.h
configure:7458: arm-brcm-linux-uclibcgnueabi-gcc -std=gnu99 -c -Os -Wall -DLINUX26 -DCONFIG_BCMWL5 -DCONFIG_BCMWL6 -DCONFIG_BCMWL6A -DPART_JFFS2_GAP=0UL -pipe -fno-strict-aliasing -DBCMWPA2 -DBCMARM -marm  -DTCONFIG_NVRAM_64K -DLINUX_KERNEL_VERSION=132644 -ffunction-sections -fdata-sections -fPIC -fPIE -fno-strict-aliasing -fno-strict-overflow -Winit-self -Wwrite-strings -Wdiv-by-zero -I/home/borys/tomato-arm/release/src-rt-6.x.4708/router/libsodium/src/libsodium/include -DPLUGINS=1 -D_FORTIFY_SOURCE=2 -I/usr/local/include conftest.c >&5
configure:7458: $? = 0
configure:7458: result: yes
configure:7458: checking for stdlib.h
configure:7458: arm-brcm-linux-uclibcgnueabi-gcc -std=gnu99 -c -Os -Wall -DLINUX26 -DCONFIG_BCMWL5 -DCONFIG_BCMWL6 -DCONFIG_BCMWL6A -DPART_JFFS2_GAP=0UL -pipe -fno-strict-aliasing -DBCMWPA2 -DBCMARM -marm  -DTCONFIG_NVRAM_64K -DLINUX_KERNEL_VERSION=132644 -ffunction-sections -fdata-sections -fPIC -fPIE -fno-strict-aliasing -fno-strict-overflow -Winit-self -Wwrite-strings -Wdiv-by-zero -I/home/borys/tomato-arm/release/src-rt-6.x.4708/router/libsodium/src/libsodium/include -DPLUGINS=1 -D_FORTIFY_SOURCE=2 -I/usr/local/include conftest.c >&5
configure:7458: $? = 0
configure:7458: result: yes
configure:7458: checking for string.h
configure:7458: arm-brcm-linux-uclibcgnueabi-gcc -std=gnu99 -c -Os -Wall -DLINUX26 -DCONFIG_BCMWL5 -DCONFIG_BCMWL6 -DCONFIG_BCMWL6A -DPART_JFFS2_GAP=0UL -pipe -fno-strict-aliasing -DBCMWPA2 -DBCMARM -marm  -DTCONFIG_NVRAM_64K -DLINUX_KERNEL_VERSION=132644 -ffunction-sections -fdata-sections -fPIC -fPIE -fno-strict-aliasing -fno-strict-overflow -Winit-self -Wwrite-strings -Wdiv-by-zero -I/home/borys/tomato-arm/release/src-rt-6.x.4708/router/libsodium/src/libsodium/include -DPLUGINS=1 -D_FORTIFY_SOURCE=2 -I/usr/local/include conftest.c >&5
configure:7458: $? = 0
configure:7458: result: yes
configure:7458: checking for memory.h
configure:7458: arm-brcm-linux-uclibcgnueabi-gcc -std=gnu99 -c -Os -Wall -DLINUX26 -DCONFIG_BCMWL5 -DCONFIG_BCMWL6 -DCONFIG_BCMWL6A -DPART_JFFS2_GAP=0UL -pipe -fno-strict-aliasing -DBCMWPA2 -DBCMARM -marm  -DTCONFIG_NVRAM_64K -DLINUX_KERNEL_VERSION=132644 -ffunction-sections -fdata-sections -fPIC -fPIE -fno-strict-aliasing -fno-strict-overflow -Winit-self -Wwrite-strings -Wdiv-by-zero -I/home/borys/tomato-arm/release/src-rt-6.x.4708/router/libsodium/src/libsodium/include -DPLUGINS=1 -D_FORTIFY_SOURCE=2 -I/usr/local/include conftest.c >&5
configure:7458: $? = 0
configure:7458: result: yes
configure:7458: checking for strings.h
configure:7458: arm-brcm-linux-uclibcgnueabi-gcc -std=gnu99 -c -Os -Wall -DLINUX26 -DCONFIG_BCMWL5 -DCONFIG_BCMWL6 -DCONFIG_BCMWL6A -DPART_JFFS2_GAP=0UL -pipe -fno-strict-aliasing -DBCMWPA2 -DBCMARM -marm  -DTCONFIG_NVRAM_64K -DLINUX_KERNEL_VERSION=132644 -ffunction-sections -fdata-sections -fPIC -fPIE -fno-strict-aliasing -fno-strict-overflow -Winit-self -Wwrite-strings -Wdiv-by-zero -I/home/borys/tomato-arm/release/src-rt-6.x.4708/router/libsodium/src/libsodium/include -DPLUGINS=1 -D_FORTIFY_SOURCE=2 -I/usr/local/include conftest.c >&5
configure:7458: $? = 0
configure:7458: result: yes
configure:7458: checking for inttypes.h
configure:7458: arm-brcm-linux-uclibcgnueabi-gcc -std=gnu99 -c -Os -Wall -DLINUX26 -DCONFIG_BCMWL5 -DCONFIG_BCMWL6 -DCONFIG_BCMWL6A -DPART_JFFS2_GAP=0UL -pipe -fno-strict-aliasing -DBCMWPA2 -DBCMARM -marm  -DTCONFIG_NVRAM_64K -DLINUX_KERNEL_VERSION=132644 -ffunction-sections -fdata-sections -fPIC -fPIE -fno-strict-aliasing -fno-strict-overflow -Winit-self -Wwrite-strings -Wdiv-by-zero -I/home/borys/tomato-arm/release/src-rt-6.x.4708/router/libsodium/src/libsodium/include -DPLUGINS=1 -D_FORTIFY_SOURCE=2 -I/usr/local/include conftest.c >&5
configure:7458: $? = 0
configure:7458: result: yes
configure:7458: checking for stdint.h
configure:7458: arm-brcm-linux-uclibcgnueabi-gcc -std=gnu99 -c -Os -Wall -DLINUX26 -DCONFIG_BCMWL5 -DCONFIG_BCMWL6 -DCONFIG_BCMWL6A -DPART_JFFS2_GAP=0UL -pipe -fno-strict-aliasing -DBCMWPA2 -DBCMARM -marm  -DTCONFIG_NVRAM_64K -DLINUX_KERNEL_VERSION=132644 -ffunction-sections -fdata-sections -fPIC -fPIE -fno-strict-aliasing -fno-strict-overflow -Winit-self -Wwrite-strings -Wdiv-by-zero -I/home/borys/tomato-arm/release/src-rt-6.x.4708/router/libsodium/src/libsodium/include -DPLUGINS=1 -D_FORTIFY_SOURCE=2 -I/usr/local/include conftest.c >&5
configure:7458: $? = 0
configure:7458: result: yes
configure:7458: checking for unistd.h
configure:7458: arm-brcm-linux-uclibcgnueabi-gcc -std=gnu99 -c -Os -Wall -DLINUX26 -DCONFIG_BCMWL5 -DCONFIG_BCMWL6 -DCONFIG_BCMWL6A -DPART_JFFS2_GAP=0UL -pipe -fno-strict-aliasing -DBCMWPA2 -DBCMARM -marm  -DTCONFIG_NVRAM_64K -DLINUX_KERNEL_VERSION=132644 -ffunction-sections -fdata-sections -fPIC -fPIE -fno-strict-aliasing -fno-strict-overflow -Winit-self -Wwrite-strings -Wdiv-by-zero -I/home/borys/tomato-arm/release/src-rt-6.x.4708/router/libsodium/src/libsodium/include -DPLUGINS=1 -D_FORTIFY_SOURCE=2 -I/usr/local/include conftest.c >&5
configure:7458: $? = 0
configure:7458: result: yes
configure:7472: checking for dlfcn.h
configure:7472: arm-brcm-linux-uclibcgnueabi-gcc -std=gnu99 -c -Os -Wall -DLINUX26 -DCONFIG_BCMWL5 -DCONFIG_BCMWL6 -DCONFIG_BCMWL6A -DPART_JFFS2_GAP=0UL -pipe -fno-strict-aliasing -DBCMWPA2 -DBCMARM -marm  -DTCONFIG_NVRAM_64K -DLINUX_KERNEL_VERSION=132644 -ffunction-sections -fdata-sections -fPIC -fPIE -fno-strict-aliasing -fno-strict-overflow -Winit-self -Wwrite-strings -Wdiv-by-zero -I/home/borys/tomato-arm/release/src-rt-6.x.4708/router/libsodium/src/libsodium/include -DPLUGINS=1 -D_FORTIFY_SOURCE=2 -I/usr/local/include conftest.c >&5
configure:7472: $? = 0
configure:7472: result: yes
configure:7975: checking for objdir
configure:7990: result: .libs
configure:8261: checking if arm-brcm-linux-uclibcgnueabi-gcc -std=gnu99 supports -fno-rtti -fno-exceptions
configure:8279: arm-brcm-linux-uclibcgnueabi-gcc -std=gnu99 -c -Os -Wall -DLINUX26 -DCONFIG_BCMWL5 -DCONFIG_BCMWL6 -DCONFIG_BCMWL6A -DPART_JFFS2_GAP=0UL -pipe -fno-strict-aliasing -DBCMWPA2 -DBCMARM -marm  -DTCONFIG_NVRAM_64K -DLINUX_KERNEL_VERSION=132644 -ffunction-sections -fdata-sections -fPIC -fPIE -fno-strict-aliasing -fno-strict-overflow -Winit-self -Wwrite-strings -Wdiv-by-zero -I/home/borys/tomato-arm/release/src-rt-6.x.4708/router/libsodium/src/libsodium/include -DPLUGINS=1 -D_FORTIFY_SOURCE=2 -I/usr/local/include -fno-rtti -fno-exceptions conftest.c >&5
cc1: warning: command line option "-fno-rtti" is valid for C++/ObjC++ but not for C
configure:8283: $? = 0
configure:8296: result: no
configure:8623: checking for arm-brcm-linux-uclibcgnueabi-gcc -std=gnu99 option to produce PIC
configure:8630: result: -fPIC -DPIC
configure:8638: checking if arm-brcm-linux-uclibcgnueabi-gcc -std=gnu99 PIC flag -fPIC -DPIC works
configure:8656: arm-brcm-linux-uclibcgnueabi-gcc -std=gnu99 -c -Os -Wall -DLINUX26 -DCONFIG_BCMWL5 -DCONFIG_BCMWL6 -DCONFIG_BCMWL6A -DPART_JFFS2_GAP=0UL -pipe -fno-strict-aliasing -DBCMWPA2 -DBCMARM -marm  -DTCONFIG_NVRAM_64K -DLINUX_KERNEL_VERSION=132644 -ffunction-sections -fdata-sections -fPIC -fPIE -fno-strict-aliasing -fno-strict-overflow -Winit-self -Wwrite-strings -Wdiv-by-zero -I/home/borys/tomato-arm/release/src-rt-6.x.4708/router/libsodium/src/libsodium/include -DPLUGINS=1 -D_FORTIFY_SOURCE=2 -I/usr/local/include -fPIC -DPIC -DPIC conftest.c >&5
configure:8660: $? = 0
configure:8673: result: yes
configure:8702: checking if arm-brcm-linux-uclibcgnueabi-gcc -std=gnu99 static flag -static works
configure:8730: result: yes
configure:8745: checking if arm-brcm-linux-uclibcgnueabi-gcc -std=gnu99 supports -c -o file.o
configure:8766: arm-brcm-linux-uclibcgnueabi-gcc -std=gnu99 -c -Os -Wall -DLINUX26 -DCONFIG_BCMWL5 -DCONFIG_BCMWL6 -DCONFIG_BCMWL6A -DPART_JFFS2_GAP=0UL -pipe -fno-strict-aliasing -DBCMWPA2 -DBCMARM -marm  -DTCONFIG_NVRAM_64K -DLINUX_KERNEL_VERSION=132644 -ffunction-sections -fdata-sections -fPIC -fPIE -fno-strict-aliasing -fno-strict-overflow -Winit-self -Wwrite-strings -Wdiv-by-zero -I/home/borys/tomato-arm/release/src-rt-6.x.4708/router/libsodium/src/libsodium/include -DPLUGINS=1 -D_FORTIFY_SOURCE=2 -I/usr/local/include -o out/conftest2.o conftest.c >&5
configure:8770: $? = 0
configure:8792: result: yes
configure:8800: checking if arm-brcm-linux-uclibcgnueabi-gcc -std=gnu99 supports -c -o file.o
configure:8847: result: yes
configure:8880: checking whether the arm-brcm-linux-uclibcgnueabi-gcc -std=gnu99 linker (arm-brcm-linux-uclibcgnueabi-ld) supports shared libraries
configure:10037: result: yes
configure:10277: checking dynamic linker characteristics
configure:10777: arm-brcm-linux-uclibcgnueabi-gcc -std=gnu99 -o conftest -Os -Wall -DLINUX26 -DCONFIG_BCMWL5 -DCONFIG_BCMWL6 -DCONFIG_BCMWL6A -DPART_JFFS2_GAP=0UL -pipe -fno-strict-aliasing -DBCMWPA2 -DBCMARM -marm  -DTCONFIG_NVRAM_64K -DLINUX_KERNEL_VERSION=132644 -ffunction-sections -fdata-sections -fPIC -fPIE -fno-strict-aliasing -fno-strict-overflow -Winit-self -Wwrite-strings -Wdiv-by-zero -I/home/borys/tomato-arm/release/src-rt-6.x.4708/router/libsodium/src/libsodium/include -DPLUGINS=1 -D_FORTIFY_SOURCE=2 -I/usr/local/include -ffunction-sections -fdata-sections -Wl,--gc-sections -L/home/borys/tomato-arm/release/src-rt-6.x.4708/router/libsodium/src/libsodium/.libs -pie -Wl,-z,relro -Wl,-z,now -Wl,-z,noexecstack -L/usr/local/lib -Wl,-rpath -Wl,/foo conftest.c -ldl -lsodium -ldl -lm  >&5
configure:10777: $? = 0
configure:11011: result: GNU/Linux ld.so
configure:11118: checking how to hardcode library paths into programs
configure:11143: result: immediate
configure:11237: checking for shl_load
configure:11237: arm-brcm-linux-uclibcgnueabi-gcc -std=gnu99 -o conftest -Os -Wall -DLINUX26 -DCONFIG_BCMWL5 -DCONFIG_BCMWL6 -DCONFIG_BCMWL6A -DPART_JFFS2_GAP=0UL -pipe -fno-strict-aliasing -DBCMWPA2 -DBCMARM -marm  -DTCONFIG_NVRAM_64K -DLINUX_KERNEL_VERSION=132644 -ffunction-sections -fdata-sections -fPIC -fPIE -fno-strict-aliasing -fno-strict-overflow -Winit-self -Wwrite-strings -Wdiv-by-zero -I/home/borys/tomato-arm/release/src-rt-6.x.4708/router/libsodium/src/libsodium/include -DPLUGINS=1 -D_FORTIFY_SOURCE=2 -I/usr/local/include -ffunction-sections -fdata-sections -Wl,--gc-sections -L/home/borys/tomato-arm/release/src-rt-6.x.4708/router/libsodium/src/libsodium/.libs -pie -Wl,-z,relro -Wl,-z,now -Wl,-z,noexecstack -L/usr/local/lib conftest.c -ldl -lsodium -ldl -lm  >&5
/tmp/ccTwgtty.o: In function `main':
conftest.c:(.text.main+0x4): undefined reference to `shl_load'
collect2: ld returned 1 exit status
configure:11237: $? = 1
configure: failed program was:
| /* confdefs.h */
| #define PACKAGE_NAME "libltdl"
| #define PACKAGE_TARNAME "libltdl"
| #define PACKAGE_VERSION "2.4.2"
| #define PACKAGE_STRING "libltdl 2.4.2"
| #define PACKAGE_BUGREPORT "bug-libtool@gnu.org"
| #define PACKAGE_URL ""
| #define PACKAGE "libltdl"
| #define VERSION "2.4.2"
| #define STDC_HEADERS 1
| #define HAVE_SYS_TYPES_H 1
| #define HAVE_SYS_STAT_H 1
| #define HAVE_STDLIB_H 1
| #define HAVE_STRING_H 1
| #define HAVE_MEMORY_H 1
| #define HAVE_STRINGS_H 1
| #define HAVE_INTTYPES_H 1
| #define HAVE_STDINT_H 1
| #define HAVE_UNISTD_H 1
| #define HAVE_DLFCN_H 1
| #define LT_OBJDIR ".libs/"
| /* end confdefs.h.  */
| /* Define shl_load to an innocuous variant, in case <limits.h> declares shl_load.
|    For example, HP-UX 11i <limits.h> declares gettimeofday.  */
| #define shl_load innocuous_shl_load
| 
| /* System header to define __stub macros and hopefully few prototypes,
|     which can conflict with char shl_load (); below.
|     Prefer <limits.h> to <assert.h> if __STDC__ is defined, since
|     <limits.h> exists even on freestanding compilers.  */
| 
| #ifdef __STDC__
| # include <limits.h>
| #else
| # include <assert.h>
| #endif
| 
| #undef shl_load
| 
| /* Override any GCC internal prototype to avoid an error.
|    Use char because int might match the return type of a GCC
|    builtin and then its argument prototype would still apply.  */
| #ifdef __cplusplus
| extern "C"
| #endif
| char shl_load ();
| /* The GNU C library defines this for functions which it implements
|     to always fail with ENOSYS.  Some functions are actually named
|     something starting with __ and the normal name is an alias.  */
| #if defined __stub_shl_load || defined __stub___shl_load
| choke me
| #endif
| 
| int
| main ()
| {
| return shl_load ();
|   ;
|   return 0;
| }
configure:11237: result: no
configure:11241: checking for shl_load in -ldld
configure:11266: arm-brcm-linux-uclibcgnueabi-gcc -std=gnu99 -o conftest -Os -Wall -DLINUX26 -DCONFIG_BCMWL5 -DCONFIG_BCMWL6 -DCONFIG_BCMWL6A -DPART_JFFS2_GAP=0UL -pipe -fno-strict-aliasing -DBCMWPA2 -DBCMARM -marm  -DTCONFIG_NVRAM_64K -DLINUX_KERNEL_VERSION=132644 -ffunction-sections -fdata-sections -fPIC -fPIE -fno-strict-aliasing -fno-strict-overflow -Winit-self -Wwrite-strings -Wdiv-by-zero -I/home/borys/tomato-arm/release/src-rt-6.x.4708/router/libsodium/src/libsodium/include -DPLUGINS=1 -D_FORTIFY_SOURCE=2 -I/usr/local/include -ffunction-sections -fdata-sections -Wl,--gc-sections -L/home/borys/tomato-arm/release/src-rt-6.x.4708/router/libsodium/src/libsodium/.libs -pie -Wl,-z,relro -Wl,-z,now -Wl,-z,noexecstack -L/usr/local/lib conftest.c -ldld  -ldl -lsodium -ldl -lm  >&5
/home/borys/tomato-arm/release/src-rt-6.x.4708/toolchains/hndtools-arm-linux-2.6.36-uclibc-4.5.3/bin/../lib/gcc/arm-brcm-linux-uclibcgnueabi/4.5.3/../../../../arm-brcm-linux-uclibcgnueabi/bin/ld: cannot find -ldld
collect2: ld returned 1 exit status
configure:11266: $? = 1
configure: failed program was:
| /* confdefs.h */
| #define PACKAGE_NAME "libltdl"
| #define PACKAGE_TARNAME "libltdl"
| #define PACKAGE_VERSION "2.4.2"
| #define PACKAGE_STRING "libltdl 2.4.2"
| #define PACKAGE_BUGREPORT "bug-libtool@gnu.org"
| #define PACKAGE_URL ""
| #define PACKAGE "libltdl"
| #define VERSION "2.4.2"
| #define STDC_HEADERS 1
| #define HAVE_SYS_TYPES_H 1
| #define HAVE_SYS_STAT_H 1
| #define HAVE_STDLIB_H 1
| #define HAVE_STRING_H 1
| #define HAVE_MEMORY_H 1
| #define HAVE_STRINGS_H 1
| #define HAVE_INTTYPES_H 1
| #define HAVE_STDINT_H 1
| #define HAVE_UNISTD_H 1
| #define HAVE_DLFCN_H 1
| #define LT_OBJDIR ".libs/"
| /* end confdefs.h.  */
| 
| /* Override any GCC internal prototype to avoid an error.
|    Use char because int might match the return type of a GCC
|    builtin and then its argument prototype would still apply.  */
| #ifdef __cplusplus
| extern "C"
| #endif
| char shl_load ();
| int
| main ()
| {
| return shl_load ();
|   ;
|   return 0;
| }
configure:11275: result: no
configure:11280: checking for dlopen
configure:11280: arm-brcm-linux-uclibcgnueabi-gcc -std=gnu99 -o conftest -Os -Wall -DLINUX26 -DCONFIG_BCMWL5 -DCONFIG_BCMWL6 -DCONFIG_BCMWL6A -DPART_JFFS2_GAP=0UL -pipe -fno-strict-aliasing -DBCMWPA2 -DBCMARM -marm  -DTCONFIG_NVRAM_64K -DLINUX_KERNEL_VERSION=132644 -ffunction-sections -fdata-sections -fPIC -fPIE -fno-strict-aliasing -fno-strict-overflow -Winit-self -Wwrite-strings -Wdiv-by-zero -I/home/borys/tomato-arm/release/src-rt-6.x.4708/router/libsodium/src/libsodium/include -DPLUGINS=1 -D_FORTIFY_SOURCE=2 -I/usr/local/include -ffunction-sections -fdata-sections -Wl,--gc-sections -L/home/borys/tomato-arm/release/src-rt-6.x.4708/router/libsodium/src/libsodium/.libs -pie -Wl,-z,relro -Wl,-z,now -Wl,-z,noexecstack -L/usr/local/lib conftest.c -ldl -lsodium -ldl -lm  >&5
configure:11280: $? = 0
configure:11280: result: yes
configure:11437: checking whether a program can dlopen itself
configure:11538: result: cross
configure:11683: checking whether stripping libraries is possible
configure:11688: result: yes
configure:11723: checking if libtool supports shared libraries
configure:11725: result: yes
configure:11728: checking whether to build shared libraries
configure:11749: result: no
configure:11752: checking whether to build static libraries
configure:11756: result: yes
configure:11793: checking which extension is used for runtime loadable modules
configure:11805: result: .so
configure:11822: checking which variable specifies run-time module search path
configure:11829: result: LD_LIBRARY_PATH
configure:11839: checking for the default library search path
configure:11846: result: /lib /usr/lib /usr/lib/x86_64-linux-gnu/libfakeroot /lib/i386-linux-gnu /usr/lib/i386-linux-gnu /lib/i586-linux-gnu /usr/lib/i586-linux-gnu /usr/local/lib /lib/x86_64-linux-gnu /usr/lib/x86_64-linux-gnu /lib32 /usr/lib32 /libx32 /usr/libx32 
configure:11876: checking for library containing dlopen
configure:11907: arm-brcm-linux-uclibcgnueabi-gcc -std=gnu99 -o conftest -Os -Wall -DLINUX26 -DCONFIG_BCMWL5 -DCONFIG_BCMWL6 -DCONFIG_BCMWL6A -DPART_JFFS2_GAP=0UL -pipe -fno-strict-aliasing -DBCMWPA2 -DBCMARM -marm  -DTCONFIG_NVRAM_64K -DLINUX_KERNEL_VERSION=132644 -ffunction-sections -fdata-sections -fPIC -fPIE -fno-strict-aliasing -fno-strict-overflow -Winit-self -Wwrite-strings -Wdiv-by-zero -I/home/borys/tomato-arm/release/src-rt-6.x.4708/router/libsodium/src/libsodium/include -DPLUGINS=1 -D_FORTIFY_SOURCE=2 -I/usr/local/include -ffunction-sections -fdata-sections -Wl,--gc-sections -L/home/borys/tomato-arm/release/src-rt-6.x.4708/router/libsodium/src/libsodium/.libs -pie -Wl,-z,relro -Wl,-z,now -Wl,-z,noexecstack -L/usr/local/lib conftest.c -ldl -lsodium -ldl -lm  >&5
configure:11907: $? = 0
configure:11924: result: none required
configure:12014: checking for dlerror
configure:12014: arm-brcm-linux-uclibcgnueabi-gcc -std=gnu99 -o conftest -Os -Wall -DLINUX26 -DCONFIG_BCMWL5 -DCONFIG_BCMWL6 -DCONFIG_BCMWL6A -DPART_JFFS2_GAP=0UL -pipe -fno-strict-aliasing -DBCMWPA2 -DBCMARM -marm  -DTCONFIG_NVRAM_64K -DLINUX_KERNEL_VERSION=132644 -ffunction-sections -fdata-sections -fPIC -fPIE -fno-strict-aliasing -fno-strict-overflow -Winit-self -Wwrite-strings -Wdiv-by-zero -I/home/borys/tomato-arm/release/src-rt-6.x.4708/router/libsodium/src/libsodium/include -DPLUGINS=1 -D_FORTIFY_SOURCE=2 -I/usr/local/include -ffunction-sections -fdata-sections -Wl,--gc-sections -L/home/borys/tomato-arm/release/src-rt-6.x.4708/router/libsodium/src/libsodium/.libs -pie -Wl,-z,relro -Wl,-z,now -Wl,-z,noexecstack -L/usr/local/lib conftest.c -ldl -lsodium -ldl -lm   >&5
configure:12014: $? = 0
configure:12014: result: yes
configure:12028: checking for shl_load
configure:12028: result: no
configure:12035: checking for shl_load in -ldld
configure:12069: result: no
configure:12115: checking for dld_link in -ldld
configure:12140: arm-brcm-linux-uclibcgnueabi-gcc -std=gnu99 -o conftest -Os -Wall -DLINUX26 -DCONFIG_BCMWL5 -DCONFIG_BCMWL6 -DCONFIG_BCMWL6A -DPART_JFFS2_GAP=0UL -pipe -fno-strict-aliasing -DBCMWPA2 -DBCMARM -marm  -DTCONFIG_NVRAM_64K -DLINUX_KERNEL_VERSION=132644 -ffunction-sections -fdata-sections -fPIC -fPIE -fno-strict-aliasing -fno-strict-overflow -Winit-self -Wwrite-strings -Wdiv-by-zero -I/home/borys/tomato-arm/release/src-rt-6.x.4708/router/libsodium/src/libsodium/include -DPLUGINS=1 -D_FORTIFY_SOURCE=2 -I/usr/local/include -ffunction-sections -fdata-sections -Wl,--gc-sections -L/home/borys/tomato-arm/release/src-rt-6.x.4708/router/libsodium/src/libsodium/.libs -pie -Wl,-z,relro -Wl,-z,now -Wl,-z,noexecstack -L/usr/local/lib conftest.c -ldld  -ldl -lsodium -ldl -lm  >&5
/home/borys/tomato-arm/release/src-rt-6.x.4708/toolchains/hndtools-arm-linux-2.6.36-uclibc-4.5.3/bin/../lib/gcc/arm-brcm-linux-uclibcgnueabi/4.5.3/../../../../arm-brcm-linux-uclibcgnueabi/bin/ld: cannot find -ldld
collect2: ld returned 1 exit status
configure:12140: $? = 1
configure: failed program was:
| /* confdefs.h */
| #define PACKAGE_NAME "libltdl"
| #define PACKAGE_TARNAME "libltdl"
| #define PACKAGE_VERSION "2.4.2"
| #define PACKAGE_STRING "libltdl 2.4.2"
| #define PACKAGE_BUGREPORT "bug-libtool@gnu.org"
| #define PACKAGE_URL ""
| #define PACKAGE "libltdl"
| #define VERSION "2.4.2"
| #define STDC_HEADERS 1
| #define HAVE_SYS_TYPES_H 1
| #define HAVE_SYS_STAT_H 1
| #define HAVE_STDLIB_H 1
| #define HAVE_STRING_H 1
| #define HAVE_MEMORY_H 1
| #define HAVE_STRINGS_H 1
| #define HAVE_INTTYPES_H 1
| #define HAVE_STDINT_H 1
| #define HAVE_UNISTD_H 1
| #define HAVE_DLFCN_H 1
| #define LT_OBJDIR ".libs/"
| #define LT_MODULE_EXT ".so"
| #define LT_MODULE_PATH_VAR "LD_LIBRARY_PATH"
| #define LT_DLSEARCH_PATH "/lib:/usr/lib:/usr/lib/x86_64-linux-gnu/libfakeroot:/lib/i386-linux-gnu:/usr/lib/i386-linux-gnu:/lib/i586-linux-gnu:/usr/lib/i586-linux-gnu:/usr/local/lib:/lib/x86_64-linux-gnu:/usr/lib/x86_64-linux-gnu:/lib32:/usr/lib32:/libx32:/usr/libx32"
| #define HAVE_LIBDL 1
| #define HAVE_DLERROR 1
| /* end confdefs.h.  */
| 
| /* Override any GCC internal prototype to avoid an error.
|    Use char because int might match the return type of a GCC
|    builtin and then its argument prototype would still apply.  */
| #ifdef __cplusplus
| extern "C"
| #endif
| char dld_link ();
| int
| main ()
| {
| return dld_link ();
|   ;
|   return 0;
| }
configure:12149: result: no
configure:12183: checking for _ prefix in compiled symbols
configure:12193: arm-brcm-linux-uclibcgnueabi-gcc -std=gnu99 -c -Os -Wall -DLINUX26 -DCONFIG_BCMWL5 -DCONFIG_BCMWL6 -DCONFIG_BCMWL6A -DPART_JFFS2_GAP=0UL -pipe -fno-strict-aliasing -DBCMWPA2 -DBCMARM -marm  -DTCONFIG_NVRAM_64K -DLINUX_KERNEL_VERSION=132644 -ffunction-sections -fdata-sections -fPIC -fPIE -fno-strict-aliasing -fno-strict-overflow -Winit-self -Wwrite-strings -Wdiv-by-zero -I/home/borys/tomato-arm/release/src-rt-6.x.4708/router/libsodium/src/libsodium/include -DPLUGINS=1 -D_FORTIFY_SOURCE=2 -I/usr/local/include conftest.c >&5
conftest.c: In function 'main':
conftest.c:2:12: warning: statement with no effect
configure:12196: $? = 0
configure:12200: arm-brcm-linux-uclibcgnueabi-nm conftest.o \| sed -n -e 's/^.*[	 ]\([ABCDGIRSTW][ABCDGIRSTW]*\)[	 ][	 ]*\([_A-Za-z][_A-Za-z0-9]*\)$/\1 \2 \2/p' | sed '/ __gnu_lto/d' \> conftest.nm
configure:12203: $? = 0
configure:12225: result: no
configure:12349: checking whether deplibs are loaded by dlopen
configure:12443: result: yes
configure:12455: checking for argz.h
configure:12455: arm-brcm-linux-uclibcgnueabi-gcc -std=gnu99 -c -Os -Wall -DLINUX26 -DCONFIG_BCMWL5 -DCONFIG_BCMWL6 -DCONFIG_BCMWL6A -DPART_JFFS2_GAP=0UL -pipe -fno-strict-aliasing -DBCMWPA2 -DBCMARM -marm  -DTCONFIG_NVRAM_64K -DLINUX_KERNEL_VERSION=132644 -ffunction-sections -fdata-sections -fPIC -fPIE -fno-strict-aliasing -fno-strict-overflow -Winit-self -Wwrite-strings -Wdiv-by-zero -I/home/borys/tomato-arm/release/src-rt-6.x.4708/router/libsodium/src/libsodium/include -DPLUGINS=1 -D_FORTIFY_SOURCE=2 -I/usr/local/include conftest.c >&5
conftest.c:63:18: fatal error: argz.h: No such file or directory
compilation terminated.
configure:12455: $? = 1
configure: failed program was:
| /* confdefs.h */
| #define PACKAGE_NAME "libltdl"
| #define PACKAGE_TARNAME "libltdl"
| #define PACKAGE_VERSION "2.4.2"
| #define PACKAGE_STRING "libltdl 2.4.2"
| #define PACKAGE_BUGREPORT "bug-libtool@gnu.org"
| #define PACKAGE_URL ""
| #define PACKAGE "libltdl"
| #define VERSION "2.4.2"
| #define STDC_HEADERS 1
| #define HAVE_SYS_TYPES_H 1
| #define HAVE_SYS_STAT_H 1
| #define HAVE_STDLIB_H 1
| #define HAVE_STRING_H 1
| #define HAVE_MEMORY_H 1
| #define HAVE_STRINGS_H 1
| #define HAVE_INTTYPES_H 1
| #define HAVE_STDINT_H 1
| #define HAVE_UNISTD_H 1
| #define HAVE_DLFCN_H 1
| #define LT_OBJDIR ".libs/"
| #define LT_MODULE_EXT ".so"
| #define LT_MODULE_PATH_VAR "LD_LIBRARY_PATH"
| #define LT_DLSEARCH_PATH "/lib:/usr/lib:/usr/lib/x86_64-linux-gnu/libfakeroot:/lib/i386-linux-gnu:/usr/lib/i386-linux-gnu:/lib/i586-linux-gnu:/usr/lib/i586-linux-gnu:/usr/local/lib:/lib/x86_64-linux-gnu:/usr/lib/x86_64-linux-gnu:/lib32:/usr/lib32:/libx32:/usr/libx32"
| #define HAVE_LIBDL 1
| #define HAVE_DLERROR 1
| #define HAVE_LIBDLLOADER 1
| /* end confdefs.h.  */
| #include <stdio.h>
| #ifdef HAVE_SYS_TYPES_H
| # include <sys/types.h>
| #endif
| #ifdef HAVE_SYS_STAT_H
| # include <sys/stat.h>
| #endif
| #ifdef STDC_HEADERS
| # include <stdlib.h>
| # include <stddef.h>
| #else
| # ifdef HAVE_STDLIB_H
| #  include <stdlib.h>
| # endif
| #endif
| #ifdef HAVE_STRING_H
| # if !defined STDC_HEADERS && defined HAVE_MEMORY_H
| #  include <memory.h>
| # endif
| # include <string.h>
| #endif
| #ifdef HAVE_STRINGS_H
| # include <strings.h>
| #endif
| #ifdef HAVE_INTTYPES_H
| # include <inttypes.h>
| #endif
| #ifdef HAVE_STDINT_H
| # include <stdint.h>
| #endif
| #ifdef HAVE_UNISTD_H
| # include <unistd.h>
| #endif
| 
| #include <argz.h>
configure:12455: result: no
configure:12467: checking for error_t
configure:12467: arm-brcm-linux-uclibcgnueabi-gcc -std=gnu99 -c -Os -Wall -DLINUX26 -DCONFIG_BCMWL5 -DCONFIG_BCMWL6 -DCONFIG_BCMWL6A -DPART_JFFS2_GAP=0UL -pipe -fno-strict-aliasing -DBCMWPA2 -DBCMARM -marm  -DTCONFIG_NVRAM_64K -DLINUX_KERNEL_VERSION=132644 -ffunction-sections -fdata-sections -fPIC -fPIE -fno-strict-aliasing -fno-strict-overflow -Winit-self -Wwrite-strings -Wdiv-by-zero -I/home/borys/tomato-arm/release/src-rt-6.x.4708/router/libsodium/src/libsodium/include -DPLUGINS=1 -D_FORTIFY_SOURCE=2 -I/usr/local/include conftest.c >&5
conftest.c: In function 'main':
conftest.c:36:13: error: 'error_t' undeclared (first use in this function)
conftest.c:36:13: note: each undeclared identifier is reported only once for each function it appears in
configure:12467: $? = 1
configure: failed program was:
| /* confdefs.h */
| #define PACKAGE_NAME "libltdl"
| #define PACKAGE_TARNAME "libltdl"
| #define PACKAGE_VERSION "2.4.2"
| #define PACKAGE_STRING "libltdl 2.4.2"
| #define PACKAGE_BUGREPORT "bug-libtool@gnu.org"
| #define PACKAGE_URL ""
| #define PACKAGE "libltdl"
| #define VERSION "2.4.2"
| #define STDC_HEADERS 1
| #define HAVE_SYS_TYPES_H 1
| #define HAVE_SYS_STAT_H 1
| #define HAVE_STDLIB_H 1
| #define HAVE_STRING_H 1
| #define HAVE_MEMORY_H 1
| #define HAVE_STRINGS_H 1
| #define HAVE_INTTYPES_H 1
| #define HAVE_STDINT_H 1
| #define HAVE_UNISTD_H 1
| #define HAVE_DLFCN_H 1
| #define LT_OBJDIR ".libs/"
| #define LT_MODULE_EXT ".so"
| #define LT_MODULE_PATH_VAR "LD_LIBRARY_PATH"
| #define LT_DLSEARCH_PATH "/lib:/usr/lib:/usr/lib/x86_64-linux-gnu/libfakeroot:/lib/i386-linux-gnu:/usr/lib/i386-linux-gnu:/lib/i586-linux-gnu:/usr/lib/i586-linux-gnu:/usr/local/lib:/lib/x86_64-linux-gnu:/usr/lib/x86_64-linux-gnu:/lib32:/usr/lib32:/libx32:/usr/libx32"
| #define HAVE_LIBDL 1
| #define HAVE_DLERROR 1
| #define HAVE_LIBDLLOADER 1
| /* end confdefs.h.  */
| #if defined(HAVE_ARGZ_H)
| #  include <argz.h>
| #endif
| 
| int
| main ()
| {
| if (sizeof (error_t))
| 	 return 0;
|   ;
|   return 0;
| }
configure:12467: result: no
configure:12493: checking for argz_add
configure:12493: arm-brcm-linux-uclibcgnueabi-gcc -std=gnu99 -o conftest -Os -Wall -DLINUX26 -DCONFIG_BCMWL5 -DCONFIG_BCMWL6 -DCONFIG_BCMWL6A -DPART_JFFS2_GAP=0UL -pipe -fno-strict-aliasing -DBCMWPA2 -DBCMARM -marm  -DTCONFIG_NVRAM_64K -DLINUX_KERNEL_VERSION=132644 -ffunction-sections -fdata-sections -fPIC -fPIE -fno-strict-aliasing -fno-strict-overflow -Winit-self -Wwrite-strings -Wdiv-by-zero -I/home/borys/tomato-arm/release/src-rt-6.x.4708/router/libsodium/src/libsodium/include -DPLUGINS=1 -D_FORTIFY_SOURCE=2 -I/usr/local/include -ffunction-sections -fdata-sections -Wl,--gc-sections -L/home/borys/tomato-arm/release/src-rt-6.x.4708/router/libsodium/src/libsodium/.libs -pie -Wl,-z,relro -Wl,-z,now -Wl,-z,noexecstack -L/usr/local/lib conftest.c -ldl -lsodium -ldl -lm  >&5
/tmp/cc38A8CR.o: In function `main':
conftest.c:(.text.main+0x4): undefined reference to `argz_add'
collect2: ld returned 1 exit status
configure:12493: $? = 1
configure: failed program was:
| /* confdefs.h */
| #define PACKAGE_NAME "libltdl"
| #define PACKAGE_TARNAME "libltdl"
| #define PACKAGE_VERSION "2.4.2"
| #define PACKAGE_STRING "libltdl 2.4.2"
| #define PACKAGE_BUGREPORT "bug-libtool@gnu.org"
| #define PACKAGE_URL ""
| #define PACKAGE "libltdl"
| #define VERSION "2.4.2"
| #define STDC_HEADERS 1
| #define HAVE_SYS_TYPES_H 1
| #define HAVE_SYS_STAT_H 1
| #define HAVE_STDLIB_H 1
| #define HAVE_STRING_H 1
| #define HAVE_MEMORY_H 1
| #define HAVE_STRINGS_H 1
| #define HAVE_INTTYPES_H 1
| #define HAVE_STDINT_H 1
| #define HAVE_UNISTD_H 1
| #define HAVE_DLFCN_H 1
| #define LT_OBJDIR ".libs/"
| #define LT_MODULE_EXT ".so"
| #define LT_MODULE_PATH_VAR "LD_LIBRARY_PATH"
| #define LT_DLSEARCH_PATH "/lib:/usr/lib:/usr/lib/x86_64-linux-gnu/libfakeroot:/lib/i386-linux-gnu:/usr/lib/i386-linux-gnu:/lib/i586-linux-gnu:/usr/lib/i586-linux-gnu:/usr/local/lib:/lib/x86_64-linux-gnu:/usr/lib/x86_64-linux-gnu:/lib32:/usr/lib32:/libx32:/usr/libx32"
| #define HAVE_LIBDL 1
| #define HAVE_DLERROR 1
| #define HAVE_LIBDLLOADER 1
| #define error_t int
| #define __error_t_defined 1
| /* end confdefs.h.  */
| /* Define argz_add to an innocuous variant, in case <limits.h> declares argz_add.
|    For example, HP-UX 11i <limits.h> declares gettimeofday.  */
| #define argz_add innocuous_argz_add
| 
| /* System header to define __stub macros and hopefully few prototypes,
|     which can conflict with char argz_add (); below.
|     Prefer <limits.h> to <assert.h> if __STDC__ is defined, since
|     <limits.h> exists even on freestanding compilers.  */
| 
| #ifdef __STDC__
| # include <limits.h>
| #else
| # include <assert.h>
| #endif
| 
| #undef argz_add
| 
| /* Override any GCC internal prototype to avoid an error.
|    Use char because int might match the return type of a GCC
|    builtin and then its argument prototype would still apply.  */
| #ifdef __cplusplus
| extern "C"
| #endif
| char argz_add ();
| /* The GNU C library defines this for functions which it implements
|     to always fail with ENOSYS.  Some functions are actually named
|     something starting with __ and the normal name is an alias.  */
| #if defined __stub_argz_add || defined __stub___argz_add
| choke me
| #endif
| 
| int
| main ()
| {
| return argz_add ();
|   ;
|   return 0;
| }
configure:12493: result: no
configure:12493: checking for argz_append
configure:12493: arm-brcm-linux-uclibcgnueabi-gcc -std=gnu99 -o conftest -Os -Wall -DLINUX26 -DCONFIG_BCMWL5 -DCONFIG_BCMWL6 -DCONFIG_BCMWL6A -DPART_JFFS2_GAP=0UL -pipe -fno-strict-aliasing -DBCMWPA2 -DBCMARM -marm  -DTCONFIG_NVRAM_64K -DLINUX_KERNEL_VERSION=132644 -ffunction-sections -fdata-sections -fPIC -fPIE -fno-strict-aliasing -fno-strict-overflow -Winit-self -Wwrite-strings -Wdiv-by-zero -I/home/borys/tomato-arm/release/src-rt-6.x.4708/router/libsodium/src/libsodium/include -DPLUGINS=1 -D_FORTIFY_SOURCE=2 -I/usr/local/include -ffunction-sections -fdata-sections -Wl,--gc-sections -L/home/borys/tomato-arm/release/src-rt-6.x.4708/router/libsodium/src/libsodium/.libs -pie -Wl,-z,relro -Wl,-z,now -Wl,-z,noexecstack -L/usr/local/lib conftest.c -ldl -lsodium -ldl -lm  >&5
/tmp/ccXGuLZU.o: In function `main':
conftest.c:(.text.main+0x4): undefined reference to `argz_append'
collect2: ld returned 1 exit status
configure:12493: $? = 1
configure: failed program was:
| /* confdefs.h */
| #define PACKAGE_NAME "libltdl"
| #define PACKAGE_TARNAME "libltdl"
| #define PACKAGE_VERSION "2.4.2"
| #define PACKAGE_STRING "libltdl 2.4.2"
| #define PACKAGE_BUGREPORT "bug-libtool@gnu.org"
| #define PACKAGE_URL ""
| #define PACKAGE "libltdl"
| #define VERSION "2.4.2"
| #define STDC_HEADERS 1
| #define HAVE_SYS_TYPES_H 1
| #define HAVE_SYS_STAT_H 1
| #define HAVE_STDLIB_H 1
| #define HAVE_STRING_H 1
| #define HAVE_MEMORY_H 1
| #define HAVE_STRINGS_H 1
| #define HAVE_INTTYPES_H 1
| #define HAVE_STDINT_H 1
| #define HAVE_UNISTD_H 1
| #define HAVE_DLFCN_H 1
| #define LT_OBJDIR ".libs/"
| #define LT_MODULE_EXT ".so"
| #define LT_MODULE_PATH_VAR "LD_LIBRARY_PATH"
| #define LT_DLSEARCH_PATH "/lib:/usr/lib:/usr/lib/x86_64-linux-gnu/libfakeroot:/lib/i386-linux-gnu:/usr/lib/i386-linux-gnu:/lib/i586-linux-gnu:/usr/lib/i586-linux-gnu:/usr/local/lib:/lib/x86_64-linux-gnu:/usr/lib/x86_64-linux-gnu:/lib32:/usr/lib32:/libx32:/usr/libx32"
| #define HAVE_LIBDL 1
| #define HAVE_DLERROR 1
| #define HAVE_LIBDLLOADER 1
| #define error_t int
| #define __error_t_defined 1
| /* end confdefs.h.  */
| /* Define argz_append to an innocuous variant, in case <limits.h> declares argz_append.
|    For example, HP-UX 11i <limits.h> declares gettimeofday.  */
| #define argz_append innocuous_argz_append
| 
| /* System header to define __stub macros and hopefully few prototypes,
|     which can conflict with char argz_append (); below.
|     Prefer <limits.h> to <assert.h> if __STDC__ is defined, since
|     <limits.h> exists even on freestanding compilers.  */
| 
| #ifdef __STDC__
| # include <limits.h>
| #else
| # include <assert.h>
| #endif
| 
| #undef argz_append
| 
| /* Override any GCC internal prototype to avoid an error.
|    Use char because int might match the return type of a GCC
|    builtin and then its argument prototype would still apply.  */
| #ifdef __cplusplus
| extern "C"
| #endif
| char argz_append ();
| /* The GNU C library defines this for functions which it implements
|     to always fail with ENOSYS.  Some functions are actually named
|     something starting with __ and the normal name is an alias.  */
| #if defined __stub_argz_append || defined __stub___argz_append
| choke me
| #endif
| 
| int
| main ()
| {
| return argz_append ();
|   ;
|   return 0;
| }
configure:12493: result: no
configure:12493: checking for argz_count
configure:12493: arm-brcm-linux-uclibcgnueabi-gcc -std=gnu99 -o conftest -Os -Wall -DLINUX26 -DCONFIG_BCMWL5 -DCONFIG_BCMWL6 -DCONFIG_BCMWL6A -DPART_JFFS2_GAP=0UL -pipe -fno-strict-aliasing -DBCMWPA2 -DBCMARM -marm  -DTCONFIG_NVRAM_64K -DLINUX_KERNEL_VERSION=132644 -ffunction-sections -fdata-sections -fPIC -fPIE -fno-strict-aliasing -fno-strict-overflow -Winit-self -Wwrite-strings -Wdiv-by-zero -I/home/borys/tomato-arm/release/src-rt-6.x.4708/router/libsodium/src/libsodium/include -DPLUGINS=1 -D_FORTIFY_SOURCE=2 -I/usr/local/include -ffunction-sections -fdata-sections -Wl,--gc-sections -L/home/borys/tomato-arm/release/src-rt-6.x.4708/router/libsodium/src/libsodium/.libs -pie -Wl,-z,relro -Wl,-z,now -Wl,-z,noexecstack -L/usr/local/lib conftest.c -ldl -lsodium -ldl -lm  >&5
/tmp/cch60BPW.o: In function `main':
conftest.c:(.text.main+0x4): undefined reference to `argz_count'
collect2: ld returned 1 exit status
configure:12493: $? = 1
configure: failed program was:
| /* confdefs.h */
| #define PACKAGE_NAME "libltdl"
| #define PACKAGE_TARNAME "libltdl"
| #define PACKAGE_VERSION "2.4.2"
| #define PACKAGE_STRING "libltdl 2.4.2"
| #define PACKAGE_BUGREPORT "bug-libtool@gnu.org"
| #define PACKAGE_URL ""
| #define PACKAGE "libltdl"
| #define VERSION "2.4.2"
| #define STDC_HEADERS 1
| #define HAVE_SYS_TYPES_H 1
| #define HAVE_SYS_STAT_H 1
| #define HAVE_STDLIB_H 1
| #define HAVE_STRING_H 1
| #define HAVE_MEMORY_H 1
| #define HAVE_STRINGS_H 1
| #define HAVE_INTTYPES_H 1
| #define HAVE_STDINT_H 1
| #define HAVE_UNISTD_H 1
| #define HAVE_DLFCN_H 1
| #define LT_OBJDIR ".libs/"
| #define LT_MODULE_EXT ".so"
| #define LT_MODULE_PATH_VAR "LD_LIBRARY_PATH"
| #define LT_DLSEARCH_PATH "/lib:/usr/lib:/usr/lib/x86_64-linux-gnu/libfakeroot:/lib/i386-linux-gnu:/usr/lib/i386-linux-gnu:/lib/i586-linux-gnu:/usr/lib/i586-linux-gnu:/usr/local/lib:/lib/x86_64-linux-gnu:/usr/lib/x86_64-linux-gnu:/lib32:/usr/lib32:/libx32:/usr/libx32"
| #define HAVE_LIBDL 1
| #define HAVE_DLERROR 1
| #define HAVE_LIBDLLOADER 1
| #define error_t int
| #define __error_t_defined 1
| /* end confdefs.h.  */
| /* Define argz_count to an innocuous variant, in case <limits.h> declares argz_count.
|    For example, HP-UX 11i <limits.h> declares gettimeofday.  */
| #define argz_count innocuous_argz_count
| 
| /* System header to define __stub macros and hopefully few prototypes,
|     which can conflict with char argz_count (); below.
|     Prefer <limits.h> to <assert.h> if __STDC__ is defined, since
|     <limits.h> exists even on freestanding compilers.  */
| 
| #ifdef __STDC__
| # include <limits.h>
| #else
| # include <assert.h>
| #endif
| 
| #undef argz_count
| 
| /* Override any GCC internal prototype to avoid an error.
|    Use char because int might match the return type of a GCC
|    builtin and then its argument prototype would still apply.  */
| #ifdef __cplusplus
| extern "C"
| #endif
| char argz_count ();
| /* The GNU C library defines this for functions which it implements
|     to always fail with ENOSYS.  Some functions are actually named
|     something starting with __ and the normal name is an alias.  */
| #if defined __stub_argz_count || defined __stub___argz_count
| choke me
| #endif
| 
| int
| main ()
| {
| return argz_count ();
|   ;
|   return 0;
| }
configure:12493: result: no
configure:12493: checking for argz_create_sep
configure:12493: arm-brcm-linux-uclibcgnueabi-gcc -std=gnu99 -o conftest -Os -Wall -DLINUX26 -DCONFIG_BCMWL5 -DCONFIG_BCMWL6 -DCONFIG_BCMWL6A -DPART_JFFS2_GAP=0UL -pipe -fno-strict-aliasing -DBCMWPA2 -DBCMARM -marm  -DTCONFIG_NVRAM_64K -DLINUX_KERNEL_VERSION=132644 -ffunction-sections -fdata-sections -fPIC -fPIE -fno-strict-aliasing -fno-strict-overflow -Winit-self -Wwrite-strings -Wdiv-by-zero -I/home/borys/tomato-arm/release/src-rt-6.x.4708/router/libsodium/src/libsodium/include -DPLUGINS=1 -D_FORTIFY_SOURCE=2 -I/usr/local/include -ffunction-sections -fdata-sections -Wl,--gc-sections -L/home/borys/tomato-arm/release/src-rt-6.x.4708/router/libsodium/src/libsodium/.libs -pie -Wl,-z,relro -Wl,-z,now -Wl,-z,noexecstack -L/usr/local/lib conftest.c -ldl -lsodium -ldl -lm  >&5
/tmp/ccFbigaZ.o: In function `main':
conftest.c:(.text.main+0x4): undefined reference to `argz_create_sep'
collect2: ld returned 1 exit status
configure:12493: $? = 1
configure: failed program was:
| /* confdefs.h */
| #define PACKAGE_NAME "libltdl"
| #define PACKAGE_TARNAME "libltdl"
| #define PACKAGE_VERSION "2.4.2"
| #define PACKAGE_STRING "libltdl 2.4.2"
| #define PACKAGE_BUGREPORT "bug-libtool@gnu.org"
| #define PACKAGE_URL ""
| #define PACKAGE "libltdl"
| #define VERSION "2.4.2"
| #define STDC_HEADERS 1
| #define HAVE_SYS_TYPES_H 1
| #define HAVE_SYS_STAT_H 1
| #define HAVE_STDLIB_H 1
| #define HAVE_STRING_H 1
| #define HAVE_MEMORY_H 1
| #define HAVE_STRINGS_H 1
| #define HAVE_INTTYPES_H 1
| #define HAVE_STDINT_H 1
| #define HAVE_UNISTD_H 1
| #define HAVE_DLFCN_H 1
| #define LT_OBJDIR ".libs/"
| #define LT_MODULE_EXT ".so"
| #define LT_MODULE_PATH_VAR "LD_LIBRARY_PATH"
| #define LT_DLSEARCH_PATH "/lib:/usr/lib:/usr/lib/x86_64-linux-gnu/libfakeroot:/lib/i386-linux-gnu:/usr/lib/i386-linux-gnu:/lib/i586-linux-gnu:/usr/lib/i586-linux-gnu:/usr/local/lib:/lib/x86_64-linux-gnu:/usr/lib/x86_64-linux-gnu:/lib32:/usr/lib32:/libx32:/usr/libx32"
| #define HAVE_LIBDL 1
| #define HAVE_DLERROR 1
| #define HAVE_LIBDLLOADER 1
| #define error_t int
| #define __error_t_defined 1
| /* end confdefs.h.  */
| /* Define argz_create_sep to an innocuous variant, in case <limits.h> declares argz_create_sep.
|    For example, HP-UX 11i <limits.h> declares gettimeofday.  */
| #define argz_create_sep innocuous_argz_create_sep
| 
| /* System header to define __stub macros and hopefully few prototypes,
|     which can conflict with char argz_create_sep (); below.
|     Prefer <limits.h> to <assert.h> if __STDC__ is defined, since
|     <limits.h> exists even on freestanding compilers.  */
| 
| #ifdef __STDC__
| # include <limits.h>
| #else
| # include <assert.h>
| #endif
| 
| #undef argz_create_sep
| 
| /* Override any GCC internal prototype to avoid an error.
|    Use char because int might match the return type of a GCC
|    builtin and then its argument prototype would still apply.  */
| #ifdef __cplusplus
| extern "C"
| #endif
| char argz_create_sep ();
| /* The GNU C library defines this for functions which it implements
|     to always fail with ENOSYS.  Some functions are actually named
|     something starting with __ and the normal name is an alias.  */
| #if defined __stub_argz_create_sep || defined __stub___argz_create_sep
| choke me
| #endif
| 
| int
| main ()
| {
| return argz_create_sep ();
|   ;
|   return 0;
| }
configure:12493: result: no
configure:12493: checking for argz_insert
configure:12493: arm-brcm-linux-uclibcgnueabi-gcc -std=gnu99 -o conftest -Os -Wall -DLINUX26 -DCONFIG_BCMWL5 -DCONFIG_BCMWL6 -DCONFIG_BCMWL6A -DPART_JFFS2_GAP=0UL -pipe -fno-strict-aliasing -DBCMWPA2 -DBCMARM -marm  -DTCONFIG_NVRAM_64K -DLINUX_KERNEL_VERSION=132644 -ffunction-sections -fdata-sections -fPIC -fPIE -fno-strict-aliasing -fno-strict-overflow -Winit-self -Wwrite-strings -Wdiv-by-zero -I/home/borys/tomato-arm/release/src-rt-6.x.4708/router/libsodium/src/libsodium/include -DPLUGINS=1 -D_FORTIFY_SOURCE=2 -I/usr/local/include -ffunction-sections -fdata-sections -Wl,--gc-sections -L/home/borys/tomato-arm/release/src-rt-6.x.4708/router/libsodium/src/libsodium/.libs -pie -Wl,-z,relro -Wl,-z,now -Wl,-z,noexecstack -L/usr/local/lib conftest.c -ldl -lsodium -ldl -lm  >&5
/tmp/ccxQfP1Z.o: In function `main':
conftest.c:(.text.main+0x4): undefined reference to `argz_insert'
collect2: ld returned 1 exit status
configure:12493: $? = 1
configure: failed program was:
| /* confdefs.h */
| #define PACKAGE_NAME "libltdl"
| #define PACKAGE_TARNAME "libltdl"
| #define PACKAGE_VERSION "2.4.2"
| #define PACKAGE_STRING "libltdl 2.4.2"
| #define PACKAGE_BUGREPORT "bug-libtool@gnu.org"
| #define PACKAGE_URL ""
| #define PACKAGE "libltdl"
| #define VERSION "2.4.2"
| #define STDC_HEADERS 1
| #define HAVE_SYS_TYPES_H 1
| #define HAVE_SYS_STAT_H 1
| #define HAVE_STDLIB_H 1
| #define HAVE_STRING_H 1
| #define HAVE_MEMORY_H 1
| #define HAVE_STRINGS_H 1
| #define HAVE_INTTYPES_H 1
| #define HAVE_STDINT_H 1
| #define HAVE_UNISTD_H 1
| #define HAVE_DLFCN_H 1
| #define LT_OBJDIR ".libs/"
| #define LT_MODULE_EXT ".so"
| #define LT_MODULE_PATH_VAR "LD_LIBRARY_PATH"
| #define LT_DLSEARCH_PATH "/lib:/usr/lib:/usr/lib/x86_64-linux-gnu/libfakeroot:/lib/i386-linux-gnu:/usr/lib/i386-linux-gnu:/lib/i586-linux-gnu:/usr/lib/i586-linux-gnu:/usr/local/lib:/lib/x86_64-linux-gnu:/usr/lib/x86_64-linux-gnu:/lib32:/usr/lib32:/libx32:/usr/libx32"
| #define HAVE_LIBDL 1
| #define HAVE_DLERROR 1
| #define HAVE_LIBDLLOADER 1
| #define error_t int
| #define __error_t_defined 1
| /* end confdefs.h.  */
| /* Define argz_insert to an innocuous variant, in case <limits.h> declares argz_insert.
|    For example, HP-UX 11i <limits.h> declares gettimeofday.  */
| #define argz_insert innocuous_argz_insert
| 
| /* System header to define __stub macros and hopefully few prototypes,
|     which can conflict with char argz_insert (); below.
|     Prefer <limits.h> to <assert.h> if __STDC__ is defined, since
|     <limits.h> exists even on freestanding compilers.  */
| 
| #ifdef __STDC__
| # include <limits.h>
| #else
| # include <assert.h>
| #endif
| 
| #undef argz_insert
| 
| /* Override any GCC internal prototype to avoid an error.
|    Use char because int might match the return type of a GCC
|    builtin and then its argument prototype would still apply.  */
| #ifdef __cplusplus
| extern "C"
| #endif
| char argz_insert ();
| /* The GNU C library defines this for functions which it implements
|     to always fail with ENOSYS.  Some functions are actually named
|     something starting with __ and the normal name is an alias.  */
| #if defined __stub_argz_insert || defined __stub___argz_insert
| choke me
| #endif
| 
| int
| main ()
| {
| return argz_insert ();
|   ;
|   return 0;
| }
configure:12493: result: no
configure:12493: checking for argz_next
configure:12493: arm-brcm-linux-uclibcgnueabi-gcc -std=gnu99 -o conftest -Os -Wall -DLINUX26 -DCONFIG_BCMWL5 -DCONFIG_BCMWL6 -DCONFIG_BCMWL6A -DPART_JFFS2_GAP=0UL -pipe -fno-strict-aliasing -DBCMWPA2 -DBCMARM -marm  -DTCONFIG_NVRAM_64K -DLINUX_KERNEL_VERSION=132644 -ffunction-sections -fdata-sections -fPIC -fPIE -fno-strict-aliasing -fno-strict-overflow -Winit-self -Wwrite-strings -Wdiv-by-zero -I/home/borys/tomato-arm/release/src-rt-6.x.4708/router/libsodium/src/libsodium/include -DPLUGINS=1 -D_FORTIFY_SOURCE=2 -I/usr/local/include -ffunction-sections -fdata-sections -Wl,--gc-sections -L/home/borys/tomato-arm/release/src-rt-6.x.4708/router/libsodium/src/libsodium/.libs -pie -Wl,-z,relro -Wl,-z,now -Wl,-z,noexecstack -L/usr/local/lib conftest.c -ldl -lsodium -ldl -lm  >&5
/tmp/cct5why2.o: In function `main':
conftest.c:(.text.main+0x4): undefined reference to `argz_next'
collect2: ld returned 1 exit status
configure:12493: $? = 1
configure: failed program was:
| /* confdefs.h */
| #define PACKAGE_NAME "libltdl"
| #define PACKAGE_TARNAME "libltdl"
| #define PACKAGE_VERSION "2.4.2"
| #define PACKAGE_STRING "libltdl 2.4.2"
| #define PACKAGE_BUGREPORT "bug-libtool@gnu.org"
| #define PACKAGE_URL ""
| #define PACKAGE "libltdl"
| #define VERSION "2.4.2"
| #define STDC_HEADERS 1
| #define HAVE_SYS_TYPES_H 1
| #define HAVE_SYS_STAT_H 1
| #define HAVE_STDLIB_H 1
| #define HAVE_STRING_H 1
| #define HAVE_MEMORY_H 1
| #define HAVE_STRINGS_H 1
| #define HAVE_INTTYPES_H 1
| #define HAVE_STDINT_H 1
| #define HAVE_UNISTD_H 1
| #define HAVE_DLFCN_H 1
| #define LT_OBJDIR ".libs/"
| #define LT_MODULE_EXT ".so"
| #define LT_MODULE_PATH_VAR "LD_LIBRARY_PATH"
| #define LT_DLSEARCH_PATH "/lib:/usr/lib:/usr/lib/x86_64-linux-gnu/libfakeroot:/lib/i386-linux-gnu:/usr/lib/i386-linux-gnu:/lib/i586-linux-gnu:/usr/lib/i586-linux-gnu:/usr/local/lib:/lib/x86_64-linux-gnu:/usr/lib/x86_64-linux-gnu:/lib32:/usr/lib32:/libx32:/usr/libx32"
| #define HAVE_LIBDL 1
| #define HAVE_DLERROR 1
| #define HAVE_LIBDLLOADER 1
| #define error_t int
| #define __error_t_defined 1
| /* end confdefs.h.  */
| /* Define argz_next to an innocuous variant, in case <limits.h> declares argz_next.
|    For example, HP-UX 11i <limits.h> declares gettimeofday.  */
| #define argz_next innocuous_argz_next
| 
| /* System header to define __stub macros and hopefully few prototypes,
|     which can conflict with char argz_next (); below.
|     Prefer <limits.h> to <assert.h> if __STDC__ is defined, since
|     <limits.h> exists even on freestanding compilers.  */
| 
| #ifdef __STDC__
| # include <limits.h>
| #else
| # include <assert.h>
| #endif
| 
| #undef argz_next
| 
| /* Override any GCC internal prototype to avoid an error.
|    Use char because int might match the return type of a GCC
|    builtin and then its argument prototype would still apply.  */
| #ifdef __cplusplus
| extern "C"
| #endif
| char argz_next ();
| /* The GNU C library defines this for functions which it implements
|     to always fail with ENOSYS.  Some functions are actually named
|     something starting with __ and the normal name is an alias.  */
| #if defined __stub_argz_next || defined __stub___argz_next
| choke me
| #endif
| 
| int
| main ()
| {
| return argz_next ();
|   ;
|   return 0;
| }
configure:12493: result: no
configure:12493: checking for argz_stringify
configure:12493: arm-brcm-linux-uclibcgnueabi-gcc -std=gnu99 -o conftest -Os -Wall -DLINUX26 -DCONFIG_BCMWL5 -DCONFIG_BCMWL6 -DCONFIG_BCMWL6A -DPART_JFFS2_GAP=0UL -pipe -fno-strict-aliasing -DBCMWPA2 -DBCMARM -marm  -DTCONFIG_NVRAM_64K -DLINUX_KERNEL_VERSION=132644 -ffunction-sections -fdata-sections -fPIC -fPIE -fno-strict-aliasing -fno-strict-overflow -Winit-self -Wwrite-strings -Wdiv-by-zero -I/home/borys/tomato-arm/release/src-rt-6.x.4708/router/libsodium/src/libsodium/include -DPLUGINS=1 -D_FORTIFY_SOURCE=2 -I/usr/local/include -ffunction-sections -fdata-sections -Wl,--gc-sections -L/home/borys/tomato-arm/release/src-rt-6.x.4708/router/libsodium/src/libsodium/.libs -pie -Wl,-z,relro -Wl,-z,now -Wl,-z,noexecstack -L/usr/local/lib conftest.c -ldl -lsodium -ldl -lm  >&5
/tmp/cc1QRrxb.o: In function `main':
conftest.c:(.text.main+0x4): undefined reference to `argz_stringify'
collect2: ld returned 1 exit status
configure:12493: $? = 1
configure: failed program was:
| /* confdefs.h */
| #define PACKAGE_NAME "libltdl"
| #define PACKAGE_TARNAME "libltdl"
| #define PACKAGE_VERSION "2.4.2"
| #define PACKAGE_STRING "libltdl 2.4.2"
| #define PACKAGE_BUGREPORT "bug-libtool@gnu.org"
| #define PACKAGE_URL ""
| #define PACKAGE "libltdl"
| #define VERSION "2.4.2"
| #define STDC_HEADERS 1
| #define HAVE_SYS_TYPES_H 1
| #define HAVE_SYS_STAT_H 1
| #define HAVE_STDLIB_H 1
| #define HAVE_STRING_H 1
| #define HAVE_MEMORY_H 1
| #define HAVE_STRINGS_H 1
| #define HAVE_INTTYPES_H 1
| #define HAVE_STDINT_H 1
| #define HAVE_UNISTD_H 1
| #define HAVE_DLFCN_H 1
| #define LT_OBJDIR ".libs/"
| #define LT_MODULE_EXT ".so"
| #define LT_MODULE_PATH_VAR "LD_LIBRARY_PATH"
| #define LT_DLSEARCH_PATH "/lib:/usr/lib:/usr/lib/x86_64-linux-gnu/libfakeroot:/lib/i386-linux-gnu:/usr/lib/i386-linux-gnu:/lib/i586-linux-gnu:/usr/lib/i586-linux-gnu:/usr/local/lib:/lib/x86_64-linux-gnu:/usr/lib/x86_64-linux-gnu:/lib32:/usr/lib32:/libx32:/usr/libx32"
| #define HAVE_LIBDL 1
| #define HAVE_DLERROR 1
| #define HAVE_LIBDLLOADER 1
| #define error_t int
| #define __error_t_defined 1
| /* end confdefs.h.  */
| /* Define argz_stringify to an innocuous variant, in case <limits.h> declares argz_stringify.
|    For example, HP-UX 11i <limits.h> declares gettimeofday.  */
| #define argz_stringify innocuous_argz_stringify
| 
| /* System header to define __stub macros and hopefully few prototypes,
|     which can conflict with char argz_stringify (); below.
|     Prefer <limits.h> to <assert.h> if __STDC__ is defined, since
|     <limits.h> exists even on freestanding compilers.  */
| 
| #ifdef __STDC__
| # include <limits.h>
| #else
| # include <assert.h>
| #endif
| 
| #undef argz_stringify
| 
| /* Override any GCC internal prototype to avoid an error.
|    Use char because int might match the return type of a GCC
|    builtin and then its argument prototype would still apply.  */
| #ifdef __cplusplus
| extern "C"
| #endif
| char argz_stringify ();
| /* The GNU C library defines this for functions which it implements
|     to always fail with ENOSYS.  Some functions are actually named
|     something starting with __ and the normal name is an alias.  */
| #if defined __stub_argz_stringify || defined __stub___argz_stringify
| choke me
| #endif
| 
| int
| main ()
| {
| return argz_stringify ();
|   ;
|   return 0;
| }
configure:12493: result: no
configure:12561: checking whether libtool supports -dlopen/-dlpreopen
configure:12573: result: yes
configure:12626: checking for unistd.h
configure:12626: result: yes
configure:12626: checking for dl.h
configure:12626: arm-brcm-linux-uclibcgnueabi-gcc -std=gnu99 -c -Os -Wall -DLINUX26 -DCONFIG_BCMWL5 -DCONFIG_BCMWL6 -DCONFIG_BCMWL6A -DPART_JFFS2_GAP=0UL -pipe -fno-strict-aliasing -DBCMWPA2 -DBCMARM -marm  -DTCONFIG_NVRAM_64K -DLINUX_KERNEL_VERSION=132644 -ffunction-sections -fdata-sections -fPIC -fPIE -fno-strict-aliasing -fno-strict-overflow -Winit-self -Wwrite-strings -Wdiv-by-zero -I/home/borys/tomato-arm/release/src-rt-6.x.4708/router/libsodium/src/libsodium/include -DPLUGINS=1 -D_FORTIFY_SOURCE=2 -I/usr/local/include conftest.c >&5
conftest.c:67:16: fatal error: dl.h: No such file or directory
compilation terminated.
configure:12626: $? = 1
configure: failed program was:
| /* confdefs.h */
| #define PACKAGE_NAME "libltdl"
| #define PACKAGE_TARNAME "libltdl"
| #define PACKAGE_VERSION "2.4.2"
| #define PACKAGE_STRING "libltdl 2.4.2"
| #define PACKAGE_BUGREPORT "bug-libtool@gnu.org"
| #define PACKAGE_URL ""
| #define PACKAGE "libltdl"
| #define VERSION "2.4.2"
| #define STDC_HEADERS 1
| #define HAVE_SYS_TYPES_H 1
| #define HAVE_SYS_STAT_H 1
| #define HAVE_STDLIB_H 1
| #define HAVE_STRING_H 1
| #define HAVE_MEMORY_H 1
| #define HAVE_STRINGS_H 1
| #define HAVE_INTTYPES_H 1
| #define HAVE_STDINT_H 1
| #define HAVE_UNISTD_H 1
| #define HAVE_DLFCN_H 1
| #define LT_OBJDIR ".libs/"
| #define LT_MODULE_EXT ".so"
| #define LT_MODULE_PATH_VAR "LD_LIBRARY_PATH"
| #define LT_DLSEARCH_PATH "/lib:/usr/lib:/usr/lib/x86_64-linux-gnu/libfakeroot:/lib/i386-linux-gnu:/usr/lib/i386-linux-gnu:/lib/i586-linux-gnu:/usr/lib/i586-linux-gnu:/usr/local/lib:/lib/x86_64-linux-gnu:/usr/lib/x86_64-linux-gnu:/lib32:/usr/lib32:/libx32:/usr/libx32"
| #define HAVE_LIBDL 1
| #define HAVE_DLERROR 1
| #define HAVE_LIBDLLOADER 1
| #define error_t int
| #define __error_t_defined 1
| #define HAVE_PRELOADED_SYMBOLS 1
| #define HAVE_UNISTD_H 1
| /* end confdefs.h.  */
| #include <stdio.h>
| #ifdef HAVE_SYS_TYPES_H
| # include <sys/types.h>
| #endif
| #ifdef HAVE_SYS_STAT_H
| # include <sys/stat.h>
| #endif
| #ifdef STDC_HEADERS
| # include <stdlib.h>
| # include <stddef.h>
| #else
| # ifdef HAVE_STDLIB_H
| #  include <stdlib.h>
| # endif
| #endif
| #ifdef HAVE_STRING_H
| # if !defined STDC_HEADERS && defined HAVE_MEMORY_H
| #  include <memory.h>
| # endif
| # include <string.h>
| #endif
| #ifdef HAVE_STRINGS_H
| # include <strings.h>
| #endif
| #ifdef HAVE_INTTYPES_H
| # include <inttypes.h>
| #endif
| #ifdef HAVE_STDINT_H
| # include <stdint.h>
| #endif
| #ifdef HAVE_UNISTD_H
| # include <unistd.h>
| #endif
| 
| #include <dl.h>
configure:12626: result: no
configure:12626: checking for sys/dl.h
configure:12626: arm-brcm-linux-uclibcgnueabi-gcc -std=gnu99 -c -Os -Wall -DLINUX26 -DCONFIG_BCMWL5 -DCONFIG_BCMWL6 -DCONFIG_BCMWL6A -DPART_JFFS2_GAP=0UL -pipe -fno-strict-aliasing -DBCMWPA2 -DBCMARM -marm  -DTCONFIG_NVRAM_64K -DLINUX_KERNEL_VERSION=132644 -ffunction-sections -fdata-sections -fPIC -fPIE -fno-strict-aliasing -fno-strict-overflow -Winit-self -Wwrite-strings -Wdiv-by-zero -I/home/borys/tomato-arm/release/src-rt-6.x.4708/router/libsodium/src/libsodium/include -DPLUGINS=1 -D_FORTIFY_SOURCE=2 -I/usr/local/include conftest.c >&5
conftest.c:67:20: fatal error: sys/dl.h: No such file or directory
compilation terminated.
configure:12626: $? = 1
configure: failed program was:
| /* confdefs.h */
| #define PACKAGE_NAME "libltdl"
| #define PACKAGE_TARNAME "libltdl"
| #define PACKAGE_VERSION "2.4.2"
| #define PACKAGE_STRING "libltdl 2.4.2"
| #define PACKAGE_BUGREPORT "bug-libtool@gnu.org"
| #define PACKAGE_URL ""
| #define PACKAGE "libltdl"
| #define VERSION "2.4.2"
| #define STDC_HEADERS 1
| #define HAVE_SYS_TYPES_H 1
| #define HAVE_SYS_STAT_H 1
| #define HAVE_STDLIB_H 1
| #define HAVE_STRING_H 1
| #define HAVE_MEMORY_H 1
| #define HAVE_STRINGS_H 1
| #define HAVE_INTTYPES_H 1
| #define HAVE_STDINT_H 1
| #define HAVE_UNISTD_H 1
| #define HAVE_DLFCN_H 1
| #define LT_OBJDIR ".libs/"
| #define LT_MODULE_EXT ".so"
| #define LT_MODULE_PATH_VAR "LD_LIBRARY_PATH"
| #define LT_DLSEARCH_PATH "/lib:/usr/lib:/usr/lib/x86_64-linux-gnu/libfakeroot:/lib/i386-linux-gnu:/usr/lib/i386-linux-gnu:/lib/i586-linux-gnu:/usr/lib/i586-linux-gnu:/usr/local/lib:/lib/x86_64-linux-gnu:/usr/lib/x86_64-linux-gnu:/lib32:/usr/lib32:/libx32:/usr/libx32"
| #define HAVE_LIBDL 1
| #define HAVE_DLERROR 1
| #define HAVE_LIBDLLOADER 1
| #define error_t int
| #define __error_t_defined 1
| #define HAVE_PRELOADED_SYMBOLS 1
| #define HAVE_UNISTD_H 1
| /* end confdefs.h.  */
| #include <stdio.h>
| #ifdef HAVE_SYS_TYPES_H
| # include <sys/types.h>
| #endif
| #ifdef HAVE_SYS_STAT_H
| # include <sys/stat.h>
| #endif
| #ifdef STDC_HEADERS
| # include <stdlib.h>
| # include <stddef.h>
| #else
| # ifdef HAVE_STDLIB_H
| #  include <stdlib.h>
| # endif
| #endif
| #ifdef HAVE_STRING_H
| # if !defined STDC_HEADERS && defined HAVE_MEMORY_H
| #  include <memory.h>
| # endif
| # include <string.h>
| #endif
| #ifdef HAVE_STRINGS_H
| # include <strings.h>
| #endif
| #ifdef HAVE_INTTYPES_H
| # include <inttypes.h>
| #endif
| #ifdef HAVE_STDINT_H
| # include <stdint.h>
| #endif
| #ifdef HAVE_UNISTD_H
| # include <unistd.h>
| #endif
| 
| #include <sys/dl.h>
configure:12626: result: no
configure:12626: checking for dld.h
configure:12626: arm-brcm-linux-uclibcgnueabi-gcc -std=gnu99 -c -Os -Wall -DLINUX26 -DCONFIG_BCMWL5 -DCONFIG_BCMWL6 -DCONFIG_BCMWL6A -DPART_JFFS2_GAP=0UL -pipe -fno-strict-aliasing -DBCMWPA2 -DBCMARM -marm  -DTCONFIG_NVRAM_64K -DLINUX_KERNEL_VERSION=132644 -ffunction-sections -fdata-sections -fPIC -fPIE -fno-strict-aliasing -fno-strict-overflow -Winit-self -Wwrite-strings -Wdiv-by-zero -I/home/borys/tomato-arm/release/src-rt-6.x.4708/router/libsodium/src/libsodium/include -DPLUGINS=1 -D_FORTIFY_SOURCE=2 -I/usr/local/include conftest.c >&5
conftest.c:67:17: fatal error: dld.h: No such file or directory
compilation terminated.
configure:12626: $? = 1
configure: failed program was:
| /* confdefs.h */
| #define PACKAGE_NAME "libltdl"
| #define PACKAGE_TARNAME "libltdl"
| #define PACKAGE_VERSION "2.4.2"
| #define PACKAGE_STRING "libltdl 2.4.2"
| #define PACKAGE_BUGREPORT "bug-libtool@gnu.org"
| #define PACKAGE_URL ""
| #define PACKAGE "libltdl"
| #define VERSION "2.4.2"
| #define STDC_HEADERS 1
| #define HAVE_SYS_TYPES_H 1
| #define HAVE_SYS_STAT_H 1
| #define HAVE_STDLIB_H 1
| #define HAVE_STRING_H 1
| #define HAVE_MEMORY_H 1
| #define HAVE_STRINGS_H 1
| #define HAVE_INTTYPES_H 1
| #define HAVE_STDINT_H 1
| #define HAVE_UNISTD_H 1
| #define HAVE_DLFCN_H 1
| #define LT_OBJDIR ".libs/"
| #define LT_MODULE_EXT ".so"
| #define LT_MODULE_PATH_VAR "LD_LIBRARY_PATH"
| #define LT_DLSEARCH_PATH "/lib:/usr/lib:/usr/lib/x86_64-linux-gnu/libfakeroot:/lib/i386-linux-gnu:/usr/lib/i386-linux-gnu:/lib/i586-linux-gnu:/usr/lib/i586-linux-gnu:/usr/local/lib:/lib/x86_64-linux-gnu:/usr/lib/x86_64-linux-gnu:/lib32:/usr/lib32:/libx32:/usr/libx32"
| #define HAVE_LIBDL 1
| #define HAVE_DLERROR 1
| #define HAVE_LIBDLLOADER 1
| #define error_t int
| #define __error_t_defined 1
| #define HAVE_PRELOADED_SYMBOLS 1
| #define HAVE_UNISTD_H 1
| /* end confdefs.h.  */
| #include <stdio.h>
| #ifdef HAVE_SYS_TYPES_H
| # include <sys/types.h>
| #endif
| #ifdef HAVE_SYS_STAT_H
| # include <sys/stat.h>
| #endif
| #ifdef STDC_HEADERS
| # include <stdlib.h>
| # include <stddef.h>
| #else
| # ifdef HAVE_STDLIB_H
| #  include <stdlib.h>
| # endif
| #endif
| #ifdef HAVE_STRING_H
| # if !defined STDC_HEADERS && defined HAVE_MEMORY_H
| #  include <memory.h>
| # endif
| # include <string.h>
| #endif
| #ifdef HAVE_STRINGS_H
| # include <strings.h>
| #endif
| #ifdef HAVE_INTTYPES_H
| # include <inttypes.h>
| #endif
| #ifdef HAVE_STDINT_H
| # include <stdint.h>
| #endif
| #ifdef HAVE_UNISTD_H
| # include <unistd.h>
| #endif
| 
| #include <dld.h>
configure:12626: result: no
configure:12626: checking for mach-o/dyld.h
configure:12626: arm-brcm-linux-uclibcgnueabi-gcc -std=gnu99 -c -Os -Wall -DLINUX26 -DCONFIG_BCMWL5 -DCONFIG_BCMWL6 -DCONFIG_BCMWL6A -DPART_JFFS2_GAP=0UL -pipe -fno-strict-aliasing -DBCMWPA2 -DBCMARM -marm  -DTCONFIG_NVRAM_64K -DLINUX_KERNEL_VERSION=132644 -ffunction-sections -fdata-sections -fPIC -fPIE -fno-strict-aliasing -fno-strict-overflow -Winit-self -Wwrite-strings -Wdiv-by-zero -I/home/borys/tomato-arm/release/src-rt-6.x.4708/router/libsodium/src/libsodium/include -DPLUGINS=1 -D_FORTIFY_SOURCE=2 -I/usr/local/include conftest.c >&5
conftest.c:67:25: fatal error: mach-o/dyld.h: No such file or directory
compilation terminated.
configure:12626: $? = 1
configure: failed program was:
| /* confdefs.h */
| #define PACKAGE_NAME "libltdl"
| #define PACKAGE_TARNAME "libltdl"
| #define PACKAGE_VERSION "2.4.2"
| #define PACKAGE_STRING "libltdl 2.4.2"
| #define PACKAGE_BUGREPORT "bug-libtool@gnu.org"
| #define PACKAGE_URL ""
| #define PACKAGE "libltdl"
| #define VERSION "2.4.2"
| #define STDC_HEADERS 1
| #define HAVE_SYS_TYPES_H 1
| #define HAVE_SYS_STAT_H 1
| #define HAVE_STDLIB_H 1
| #define HAVE_STRING_H 1
| #define HAVE_MEMORY_H 1
| #define HAVE_STRINGS_H 1
| #define HAVE_INTTYPES_H 1
| #define HAVE_STDINT_H 1
| #define HAVE_UNISTD_H 1
| #define HAVE_DLFCN_H 1
| #define LT_OBJDIR ".libs/"
| #define LT_MODULE_EXT ".so"
| #define LT_MODULE_PATH_VAR "LD_LIBRARY_PATH"
| #define LT_DLSEARCH_PATH "/lib:/usr/lib:/usr/lib/x86_64-linux-gnu/libfakeroot:/lib/i386-linux-gnu:/usr/lib/i386-linux-gnu:/lib/i586-linux-gnu:/usr/lib/i586-linux-gnu:/usr/local/lib:/lib/x86_64-linux-gnu:/usr/lib/x86_64-linux-gnu:/lib32:/usr/lib32:/libx32:/usr/libx32"
| #define HAVE_LIBDL 1
| #define HAVE_DLERROR 1
| #define HAVE_LIBDLLOADER 1
| #define error_t int
| #define __error_t_defined 1
| #define HAVE_PRELOADED_SYMBOLS 1
| #define HAVE_UNISTD_H 1
| /* end confdefs.h.  */
| #include <stdio.h>
| #ifdef HAVE_SYS_TYPES_H
| # include <sys/types.h>
| #endif
| #ifdef HAVE_SYS_STAT_H
| # include <sys/stat.h>
| #endif
| #ifdef STDC_HEADERS
| # include <stdlib.h>
| # include <stddef.h>
| #else
| # ifdef HAVE_STDLIB_H
| #  include <stdlib.h>
| # endif
| #endif
| #ifdef HAVE_STRING_H
| # if !defined STDC_HEADERS && defined HAVE_MEMORY_H
| #  include <memory.h>
| # endif
| # include <string.h>
| #endif
| #ifdef HAVE_STRINGS_H
| # include <strings.h>
| #endif
| #ifdef HAVE_INTTYPES_H
| # include <inttypes.h>
| #endif
| #ifdef HAVE_STDINT_H
| # include <stdint.h>
| #endif
| #ifdef HAVE_UNISTD_H
| # include <unistd.h>
| #endif
| 
| #include <mach-o/dyld.h>
configure:12626: result: no
configure:12626: checking for dirent.h
configure:12626: arm-brcm-linux-uclibcgnueabi-gcc -std=gnu99 -c -Os -Wall -DLINUX26 -DCONFIG_BCMWL5 -DCONFIG_BCMWL6 -DCONFIG_BCMWL6A -DPART_JFFS2_GAP=0UL -pipe -fno-strict-aliasing -DBCMWPA2 -DBCMARM -marm  -DTCONFIG_NVRAM_64K -DLINUX_KERNEL_VERSION=132644 -ffunction-sections -fdata-sections -fPIC -fPIE -fno-strict-aliasing -fno-strict-overflow -Winit-self -Wwrite-strings -Wdiv-by-zero -I/home/borys/tomato-arm/release/src-rt-6.x.4708/router/libsodium/src/libsodium/include -DPLUGINS=1 -D_FORTIFY_SOURCE=2 -I/usr/local/include conftest.c >&5
configure:12626: $? = 0
configure:12626: result: yes
configure:12641: checking for closedir
configure:12641: arm-brcm-linux-uclibcgnueabi-gcc -std=gnu99 -o conftest -Os -Wall -DLINUX26 -DCONFIG_BCMWL5 -DCONFIG_BCMWL6 -DCONFIG_BCMWL6A -DPART_JFFS2_GAP=0UL -pipe -fno-strict-aliasing -DBCMWPA2 -DBCMARM -marm  -DTCONFIG_NVRAM_64K -DLINUX_KERNEL_VERSION=132644 -ffunction-sections -fdata-sections -fPIC -fPIE -fno-strict-aliasing -fno-strict-overflow -Winit-self -Wwrite-strings -Wdiv-by-zero -I/home/borys/tomato-arm/release/src-rt-6.x.4708/router/libsodium/src/libsodium/include -DPLUGINS=1 -D_FORTIFY_SOURCE=2 -I/usr/local/include -ffunction-sections -fdata-sections -Wl,--gc-sections -L/home/borys/tomato-arm/release/src-rt-6.x.4708/router/libsodium/src/libsodium/.libs -pie -Wl,-z,relro -Wl,-z,now -Wl,-z,noexecstack -L/usr/local/lib conftest.c -ldl -lsodium -ldl -lm  >&5
configure:12641: $? = 0
configure:12641: result: yes
configure:12641: checking for opendir
configure:12641: arm-brcm-linux-uclibcgnueabi-gcc -std=gnu99 -o conftest -Os -Wall -DLINUX26 -DCONFIG_BCMWL5 -DCONFIG_BCMWL6 -DCONFIG_BCMWL6A -DPART_JFFS2_GAP=0UL -pipe -fno-strict-aliasing -DBCMWPA2 -DBCMARM -marm  -DTCONFIG_NVRAM_64K -DLINUX_KERNEL_VERSION=132644 -ffunction-sections -fdata-sections -fPIC -fPIE -fno-strict-aliasing -fno-strict-overflow -Winit-self -Wwrite-strings -Wdiv-by-zero -I/home/borys/tomato-arm/release/src-rt-6.x.4708/router/libsodium/src/libsodium/include -DPLUGINS=1 -D_FORTIFY_SOURCE=2 -I/usr/local/include -ffunction-sections -fdata-sections -Wl,--gc-sections -L/home/borys/tomato-arm/release/src-rt-6.x.4708/router/libsodium/src/libsodium/.libs -pie -Wl,-z,relro -Wl,-z,now -Wl,-z,noexecstack -L/usr/local/lib conftest.c -ldl -lsodium -ldl -lm  >&5
configure:12641: $? = 0
configure:12641: result: yes
configure:12641: checking for readdir
configure:12641: arm-brcm-linux-uclibcgnueabi-gcc -std=gnu99 -o conftest -Os -Wall -DLINUX26 -DCONFIG_BCMWL5 -DCONFIG_BCMWL6 -DCONFIG_BCMWL6A -DPART_JFFS2_GAP=0UL -pipe -fno-strict-aliasing -DBCMWPA2 -DBCMARM -marm  -DTCONFIG_NVRAM_64K -DLINUX_KERNEL_VERSION=132644 -ffunction-sections -fdata-sections -fPIC -fPIE -fno-strict-aliasing -fno-strict-overflow -Winit-self -Wwrite-strings -Wdiv-by-zero -I/home/borys/tomato-arm/release/src-rt-6.x.4708/router/libsodium/src/libsodium/include -DPLUGINS=1 -D_FORTIFY_SOURCE=2 -I/usr/local/include -ffunction-sections -fdata-sections -Wl,--gc-sections -L/home/borys/tomato-arm/release/src-rt-6.x.4708/router/libsodium/src/libsodium/.libs -pie -Wl,-z,relro -Wl,-z,now -Wl,-z,noexecstack -L/usr/local/lib conftest.c -ldl -lsodium -ldl -lm  >&5
configure:12641: $? = 0
configure:12641: result: yes
configure:12660: checking for strlcat
configure:12660: arm-brcm-linux-uclibcgnueabi-gcc -std=gnu99 -o conftest -Os -Wall -DLINUX26 -DCONFIG_BCMWL5 -DCONFIG_BCMWL6 -DCONFIG_BCMWL6A -DPART_JFFS2_GAP=0UL -pipe -fno-strict-aliasing -DBCMWPA2 -DBCMARM -marm  -DTCONFIG_NVRAM_64K -DLINUX_KERNEL_VERSION=132644 -ffunction-sections -fdata-sections -fPIC -fPIE -fno-strict-aliasing -fno-strict-overflow -Winit-self -Wwrite-strings -Wdiv-by-zero -I/home/borys/tomato-arm/release/src-rt-6.x.4708/router/libsodium/src/libsodium/include -DPLUGINS=1 -D_FORTIFY_SOURCE=2 -I/usr/local/include -ffunction-sections -fdata-sections -Wl,--gc-sections -L/home/borys/tomato-arm/release/src-rt-6.x.4708/router/libsodium/src/libsodium/.libs -pie -Wl,-z,relro -Wl,-z,now -Wl,-z,noexecstack -L/usr/local/lib conftest.c -ldl -lsodium -ldl -lm  >&5
configure:12660: $? = 0
configure:12660: result: yes
configure:12660: checking for strlcpy
configure:12660: arm-brcm-linux-uclibcgnueabi-gcc -std=gnu99 -o conftest -Os -Wall -DLINUX26 -DCONFIG_BCMWL5 -DCONFIG_BCMWL6 -DCONFIG_BCMWL6A -DPART_JFFS2_GAP=0UL -pipe -fno-strict-aliasing -DBCMWPA2 -DBCMARM -marm  -DTCONFIG_NVRAM_64K -DLINUX_KERNEL_VERSION=132644 -ffunction-sections -fdata-sections -fPIC -fPIE -fno-strict-aliasing -fno-strict-overflow -Winit-self -Wwrite-strings -Wdiv-by-zero -I/home/borys/tomato-arm/release/src-rt-6.x.4708/router/libsodium/src/libsodium/include -DPLUGINS=1 -D_FORTIFY_SOURCE=2 -I/usr/local/include -ffunction-sections -fdata-sections -Wl,--gc-sections -L/home/borys/tomato-arm/release/src-rt-6.x.4708/router/libsodium/src/libsodium/.libs -pie -Wl,-z,relro -Wl,-z,now -Wl,-z,noexecstack -L/usr/local/lib conftest.c -ldl -lsodium -ldl -lm  >&5
configure:12660: $? = 0
configure:12660: result: yes
configure:12811: checking that generated files are newer than configure
configure:12817: result: done
configure:12849: creating ./config.status

## ---------------------- ##
## Running config.status. ##
## ---------------------- ##

This file was extended by libltdl config.status 2.4.2, which was
generated by GNU Autoconf 2.69.  Invocation command line was

  CONFIG_FILES    = 
  CONFIG_HEADERS  = 
  CONFIG_LINKS    = 
  CONFIG_COMMANDS = 
  $ ./config.status 

on debian

config.status:1118: creating Makefile
config.status:1118: creating config.h
config.status:1299: config.h is unchanged
config.status:1347: executing depfiles commands
config.status:1347: executing libtool commands

## ---------------- ##
## Cache variables. ##
## ---------------- ##

ac_cv_build=x86_64-pc-linux-gnu
ac_cv_c_compiler_gnu=yes
ac_cv_env_CC_set=set
ac_cv_env_CC_value='arm-brcm-linux-uclibcgnueabi-gcc -std=gnu99'
ac_cv_env_CFLAGS_set=set
ac_cv_env_CFLAGS_value='-Os -Wall -DLINUX26 -DCONFIG_BCMWL5 -DCONFIG_BCMWL6 -DCONFIG_BCMWL6A -DPART_JFFS2_GAP=0UL -pipe -fno-strict-aliasing -DBCMWPA2 -DBCMARM -marm  -DTCONFIG_NVRAM_64K -DLINUX_KERNEL_VERSION=132644 -ffunction-sections -fdata-sections -fPIC -fPIE -fno-strict-aliasing -fno-strict-overflow -Winit-self -Wwrite-strings -Wdiv-by-zero'
ac_cv_env_CPPFLAGS_set=set
ac_cv_env_CPPFLAGS_value='-I/home/borys/tomato-arm/release/src-rt-6.x.4708/router/libsodium/src/libsodium/include -DPLUGINS=1 -D_FORTIFY_SOURCE=2 -I/usr/local/include'
ac_cv_env_CPP_set=set
ac_cv_env_CPP_value='arm-brcm-linux-uclibcgnueabi-gcc -std=gnu99 -E'
ac_cv_env_LDFLAGS_set=set
ac_cv_env_LDFLAGS_value='-ffunction-sections -fdata-sections -Wl,--gc-sections -L/home/borys/tomato-arm/release/src-rt-6.x.4708/router/libsodium/src/libsodium/.libs -pie -Wl,-z,relro -Wl,-z,now -Wl,-z,noexecstack -L/usr/local/lib'
ac_cv_env_LIBS_set=set
ac_cv_env_LIBS_value='-ldl -lsodium -ldl -lm '
ac_cv_env_build_alias_set=set
ac_cv_env_build_alias_value=x86_64-linux-gnu
ac_cv_env_host_alias_set=set
ac_cv_env_host_alias_value=arm-linux
ac_cv_env_target_alias_set=
ac_cv_env_target_alias_value=
ac_cv_func_argz_add=no
ac_cv_func_argz_append=no
ac_cv_func_argz_count=no
ac_cv_func_argz_create_sep=no
ac_cv_func_argz_insert=no
ac_cv_func_argz_next=no
ac_cv_func_argz_stringify=no
ac_cv_func_closedir=yes
ac_cv_func_dlerror=yes
ac_cv_func_dlopen=yes
ac_cv_func_malloc_0_nonnull=yes
ac_cv_func_opendir=yes
ac_cv_func_readdir=yes
ac_cv_func_shl_load=no
ac_cv_func_strlcat=yes
ac_cv_func_strlcpy=yes
ac_cv_header_argz_h=no
ac_cv_header_dirent_h=yes
ac_cv_header_dl_h=no
ac_cv_header_dld_h=no
ac_cv_header_dlfcn_h=yes
ac_cv_header_inttypes_h=yes
ac_cv_header_mach_o_dyld_h=no
ac_cv_header_memory_h=yes
ac_cv_header_stdc=yes
ac_cv_header_stdint_h=yes
ac_cv_header_stdlib_h=yes
ac_cv_header_string_h=yes
ac_cv_header_strings_h=yes
ac_cv_header_sys_dl_h=no
ac_cv_header_sys_stat_h=yes
ac_cv_header_sys_types_h=yes
ac_cv_header_unistd_h=yes
ac_cv_host=arm-unknown-linux-gnu
ac_cv_lib_dld_dld_link=no
ac_cv_lib_dld_shl_load=no
ac_cv_objext=o
ac_cv_path_EGREP='/bin/grep -E'
ac_cv_path_FGREP='/bin/grep -F'
ac_cv_path_GREP=/bin/grep
ac_cv_path_SED=/bin/sed
ac_cv_path_install='/usr/bin/install -c'
ac_cv_path_mkdir=/bin/mkdir
ac_cv_prog_AR=arm-brcm-linux-uclibcgnueabi-ar
ac_cv_prog_AWK=gawk
ac_cv_prog_CC='arm-brcm-linux-uclibcgnueabi-gcc -std=gnu99'
ac_cv_prog_CPP='arm-brcm-linux-uclibcgnueabi-gcc -std=gnu99 -E'
ac_cv_prog_RANLIB=arm-brcm-linux-uclibcgnueabi-ranlib
ac_cv_prog_STRIP=arm-brcm-linux-uclibcgnueabi-strip
ac_cv_prog_ac_ct_MANIFEST_TOOL=mt
ac_cv_prog_ac_ct_OBJDUMP=objdump
ac_cv_prog_cc_c89=
ac_cv_prog_cc_g=yes
ac_cv_prog_make_make_set=yes
ac_cv_search_dlopen='none required'
ac_cv_type_error_t=no
am_cv_CC_dependencies_compiler_type=none
am_cv_make_support_nested_variables=yes
am_cv_prog_cc_c_o=yes
libltdl_cv_lib_dl_dlopen=yes
libltdl_cv_preloaded_symbols=yes
libltdl_cv_shlibext=.so
libltdl_cv_shrext=.so
lt_cv_ar_at_file=@
lt_cv_deplibs_check_method=pass_all
lt_cv_dlopen=dlopen
lt_cv_dlopen_libs=
lt_cv_dlopen_self=cross
lt_cv_file_magic_cmd='$MAGIC_CMD'
lt_cv_file_magic_test_file=
lt_cv_ld_reload_flag=-r
lt_cv_module_path_var=LD_LIBRARY_PATH
lt_cv_nm_interface='BSD nm'
lt_cv_objdir=.libs
lt_cv_path_LD=arm-brcm-linux-uclibcgnueabi-ld
lt_cv_path_NM=arm-brcm-linux-uclibcgnueabi-nm
lt_cv_path_mainfest_tool=no
lt_cv_prog_compiler_c_o=yes
lt_cv_prog_compiler_pic='-fPIC -DPIC'
lt_cv_prog_compiler_pic_works=yes
lt_cv_prog_compiler_rtti_exceptions=no
lt_cv_prog_compiler_static_works=yes
lt_cv_prog_gnu_ld=yes
lt_cv_sharedlib_from_linklib_cmd='printf %s\n'
lt_cv_shlibpath_overrides_runpath=no
lt_cv_sys_dlopen_deplibs=yes
lt_cv_sys_dlsearch_path='/lib /usr/lib /usr/lib/x86_64-linux-gnu/libfakeroot /lib/i386-linux-gnu /usr/lib/i386-linux-gnu /lib/i586-linux-gnu /usr/lib/i586-linux-gnu /usr/local/lib /lib/x86_64-linux-gnu /usr/lib/x86_64-linux-gnu /lib32 /usr/lib32 /libx32 /usr/libx32 '
lt_cv_sys_global_symbol_pipe='sed -n -e '\''s/^.*[	 ]\([ABCDGIRSTW][ABCDGIRSTW]*\)[	 ][	 ]*\([_A-Za-z][_A-Za-z0-9]*\)$/\1 \2 \2/p'\'' | sed '\''/ __gnu_lto/d'\'''
lt_cv_sys_global_symbol_to_c_name_address='sed -n -e '\''s/^: \([^ ]*\)[ ]*$/  {\"\1\", (void *) 0},/p'\'' -e '\''s/^[ABCDGIRSTW]* \([^ ]*\) \([^ ]*\)$/  {"\2", (void *) \&\2},/p'\'''
lt_cv_sys_global_symbol_to_c_name_address_lib_prefix='sed -n -e '\''s/^: \([^ ]*\)[ ]*$/  {\"\1\", (void *) 0},/p'\'' -e '\''s/^[ABCDGIRSTW]* \([^ ]*\) \(lib[^ ]*\)$/  {"\2", (void *) \&\2},/p'\'' -e '\''s/^[ABCDGIRSTW]* \([^ ]*\) \([^ ]*\)$/  {"lib\2", (void *) \&\2},/p'\'''
lt_cv_sys_global_symbol_to_cdecl='sed -n -e '\''s/^T .* \(.*\)$/extern int \1();/p'\'' -e '\''s/^[ABCDGIRSTW]* .* \(.*\)$/extern char \1;/p'\'''
lt_cv_sys_max_cmd_len=1572864
lt_cv_sys_symbol_underscore=no
lt_cv_to_host_file_cmd=func_convert_file_noop
lt_cv_to_tool_file_cmd=func_convert_file_noop

## ----------------- ##
## Output variables. ##
## ----------------- ##

ACLOCAL='${SHELL} /home/borys/tomato-arm/release/src-rt-6.x.4708/router/dnscrypt/libltdl/config/missing aclocal-1.14'
AMDEPBACKSLASH=''
AMDEP_FALSE=''
AMDEP_TRUE='#'
AMTAR='$${TAR-tar}'
AM_BACKSLASH='\'
AM_DEFAULT_V='$(AM_DEFAULT_VERBOSITY)'
AM_DEFAULT_VERBOSITY='1'
AM_V='$(V)'
AR='arm-brcm-linux-uclibcgnueabi-ar'
ARGZ_H='argz.h'
AS='arm-brcm-linux-uclibcgnueabi-as'
AUTOCONF='${SHELL} /home/borys/tomato-arm/release/src-rt-6.x.4708/router/dnscrypt/libltdl/config/missing autoconf'
AUTOHEADER='${SHELL} /home/borys/tomato-arm/release/src-rt-6.x.4708/router/dnscrypt/libltdl/config/missing autoheader'
AUTOMAKE='${SHELL} /home/borys/tomato-arm/release/src-rt-6.x.4708/router/dnscrypt/libltdl/config/missing automake-1.14'
AWK='gawk'
CC='arm-brcm-linux-uclibcgnueabi-gcc -std=gnu99'
CCDEPMODE='depmode=none'
CFLAGS='-Os -Wall -DLINUX26 -DCONFIG_BCMWL5 -DCONFIG_BCMWL6 -DCONFIG_BCMWL6A -DPART_JFFS2_GAP=0UL -pipe -fno-strict-aliasing -DBCMWPA2 -DBCMARM -marm  -DTCONFIG_NVRAM_64K -DLINUX_KERNEL_VERSION=132644 -ffunction-sections -fdata-sections -fPIC -fPIE -fno-strict-aliasing -fno-strict-overflow -Winit-self -Wwrite-strings -Wdiv-by-zero'
CONVENIENCE_LTDL_FALSE='#'
CONVENIENCE_LTDL_TRUE=''
CPP='arm-brcm-linux-uclibcgnueabi-gcc -std=gnu99 -E'
CPPFLAGS='-I/home/borys/tomato-arm/release/src-rt-6.x.4708/router/libsodium/src/libsodium/include -DPLUGINS=1 -D_FORTIFY_SOURCE=2 -I/usr/local/include'
CYGPATH_W='echo'
DEFS='-DHAVE_CONFIG_H'
DEPDIR='.deps'
DLLTOOL='false'
DSYMUTIL=''
DUMPBIN=''
ECHO_C=''
ECHO_N='-n'
ECHO_T=''
EGREP='/bin/grep -E'
EXEEXT=''
FGREP='/bin/grep -F'
GREP='/bin/grep'
INSTALL_DATA='${INSTALL} -m 644'
INSTALL_LTDL_FALSE=''
INSTALL_LTDL_TRUE='#'
INSTALL_PROGRAM='${INSTALL}'
INSTALL_SCRIPT='${INSTALL}'
INSTALL_STRIP_PROGRAM='$(install_sh) -c -s'
LD='arm-brcm-linux-uclibcgnueabi-ld'
LDFLAGS='-ffunction-sections -fdata-sections -Wl,--gc-sections -L/home/borys/tomato-arm/release/src-rt-6.x.4708/router/libsodium/src/libsodium/.libs -pie -Wl,-z,relro -Wl,-z,now -Wl,-z,noexecstack -L/usr/local/lib'
LIBADD_DL=' '
LIBADD_DLD_LINK=''
LIBADD_DLOPEN=''
LIBADD_SHL_LOAD=''
LIBOBJS=' ${LIBOBJDIR}argz$U.o'
LIBS='-ldl -lsodium -ldl -lm '
LIBTOOL='$(SHELL) $(top_builddir)/libtool'
LIPO=''
LN_S='ln -s'
LTDLOPEN='libltdl'
LTLIBOBJS=' ${LIBOBJDIR}argz$U.lo'
LT_CONFIG_H='config.h'
LT_DLLOADERS=' dlopen.la'
LT_DLPREOPEN='-dlpreopen dlopen.la '
MAKEINFO='${SHELL} /home/borys/tomato-arm/release/src-rt-6.x.4708/router/dnscrypt/libltdl/config/missing makeinfo'
MANIFEST_TOOL=':'
MKDIR_P='/bin/mkdir -p'
NM='arm-brcm-linux-uclibcgnueabi-nm'
NMEDIT=''
OBJDUMP='objdump'
OBJEXT='o'
OTOOL64=''
OTOOL=''
PACKAGE='libltdl'
PACKAGE_BUGREPORT='bug-libtool@gnu.org'
PACKAGE_NAME='libltdl'
PACKAGE_STRING='libltdl 2.4.2'
PACKAGE_TARNAME='libltdl'
PACKAGE_URL=''
PACKAGE_VERSION='2.4.2'
PATH_SEPARATOR=':'
RANLIB='arm-brcm-linux-uclibcgnueabi-ranlib'
SED='/bin/sed'
SET_MAKE=''
SHELL='/bin/bash'
STRIP='arm-brcm-linux-uclibcgnueabi-strip'
VERSION='2.4.2'
ac_ct_AR=''
ac_ct_CC=''
ac_ct_DUMPBIN=''
am__EXEEXT_FALSE=''
am__EXEEXT_TRUE='#'
am__fastdepCC_FALSE=''
am__fastdepCC_TRUE='#'
am__include='include'
am__isrc=''
am__leading_dot='.'
am__nodep=''
am__quote=''
am__tar='$${TAR-tar} chof - "$$tardir"'
am__untar='$${TAR-tar} xf -'
bindir='${exec_prefix}/bin'
build='x86_64-pc-linux-gnu'
build_alias='x86_64-linux-gnu'
build_cpu='x86_64'
build_os='linux-gnu'
build_vendor='pc'
datadir='${datarootdir}'
datarootdir='${prefix}/share'
docdir='${datarootdir}/doc/${PACKAGE_TARNAME}'
dvidir='${docdir}'
exec_prefix='${prefix}'
host='arm-unknown-linux-gnu'
host_alias='arm-linux'
host_cpu='arm'
host_os='linux-gnu'
host_vendor='unknown'
htmldir='${docdir}'
includedir='${prefix}/include'
infodir='${datarootdir}/info'
install_sh='${SHELL} /home/borys/tomato-arm/release/src-rt-6.x.4708/router/dnscrypt/libltdl/config/install-sh'
libdir='${exec_prefix}/lib'
libexecdir='${exec_prefix}/libexec'
localedir='${datarootdir}/locale'
localstatedir='${prefix}/var'
mandir='${datarootdir}/man'
mkdir_p='$(MKDIR_P)'
oldincludedir='/usr/include'
pdfdir='${docdir}'
prefix='/usr'
program_transform_name='s,x,x,'
psdir='${docdir}'
sbindir='${exec_prefix}/sbin'
sharedstatedir='${prefix}/com'
sys_symbol_underscore='no'
sysconfdir='${prefix}/etc'
target_alias=''

## ----------- ##
## confdefs.h. ##
## ----------- ##

/* confdefs.h */
#define PACKAGE_NAME "libltdl"
#define PACKAGE_TARNAME "libltdl"
#define PACKAGE_VERSION "2.4.2"
#define PACKAGE_STRING "libltdl 2.4.2"
#define PACKAGE_BUGREPORT "bug-libtool@gnu.org"
#define PACKAGE_URL ""
#define PACKAGE "libltdl"
#define VERSION "2.4.2"
#define STDC_HEADERS 1
#define HAVE_SYS_TYPES_H 1
#define HAVE_SYS_STAT_H 1
#define HAVE_STDLIB_H 1
#define HAVE_STRING_H 1
#define HAVE_MEMORY_H 1
#define HAVE_STRINGS_H 1
#define HAVE_INTTYPES_H 1
#define HAVE_STDINT_H 1
#define HAVE_UNISTD_H 1
#define HAVE_DLFCN_H 1
#define LT_OBJDIR ".libs/"
#define LT_MODULE_EXT ".so"
#define LT_MODULE_PATH_VAR "LD_LIBRARY_PATH"
#define LT_DLSEARCH_PATH "/lib:/usr/lib:/usr/lib/x86_64-linux-gnu/libfakeroot:/lib/i386-linux-gnu:/usr/lib/i386-linux-gnu:/lib/i586-linux-gnu:/usr/lib/i586-linux-gnu:/usr/local/lib:/lib/x86_64-linux-gnu:/usr/lib/x86_64-linux-gnu:/lib32:/usr/lib32:/libx32:/usr/libx32"
#define HAVE_LIBDL 1
#define HAVE_DLERROR 1
#define HAVE_LIBDLLOADER 1
#define error_t int
#define __error_t_defined 1
#define HAVE_PRELOADED_SYMBOLS 1
#define HAVE_UNISTD_H 1
#define HAVE_DIRENT_H 1
#define HAVE_CLOSEDIR 1
#define HAVE_OPENDIR 1
#define HAVE_READDIR 1
#define HAVE_STRLCAT 1
#define HAVE_STRLCPY 1
#define LT_LIBEXT "a"
#define LT_LIBPREFIX "lib"

configure: exit 0
